2025-12-02 09:51:27.293 WARNING (SyncWorker_0) [homeassistant.loader] We found a custom integration hacs which has not been tested by Home Assistant. This component might cause stability problems, be sure to disable it if you experience issues with Home Assistant
2025-12-02 09:51:35.028 WARNING (MainThread) [blinkpy.camera] Could not find thumbnail for camera Upstairs playroom .
2025-12-02 09:51:35.028 WARNING (MainThread) [blinkpy.camera] Could not find thumbnail for camera Basement.
2025-12-02 09:51:35.028 WARNING (MainThread) [blinkpy.camera] Could not find thumbnail for camera Living room .
2025-12-02 09:51:35.028 WARNING (MainThread) [blinkpy.camera] Could not find thumbnail for camera Patio.
2025-12-02 09:51:38.596 WARNING (MainThread) [blinkpy.camera] Could not find thumbnail for camera Upstairs playroom .
2025-12-02 09:51:38.677 WARNING (MainThread) [blinkpy.camera] Could not find thumbnail for camera Basement.
2025-12-02 09:51:38.750 WARNING (MainThread) [blinkpy.camera] Could not find thumbnail for camera Living room .
2025-12-02 09:51:38.823 WARNING (MainThread) [blinkpy.camera] Could not find thumbnail for camera Patio.
2025-12-02 09:52:29.177 WARNING (MainThread) [homeassistant.bootstrap] Waiting on integrations to complete setup: {('reolink', '01KBAZGGXFAXVZ3H6TVZZ8ZB01'): 53590.002848921, ('reolink', '01KBECZAM8WJPNAT4N30HT1EK7'): 53590.003642245}
2025-12-02 09:56:39.489 WARNING (MainThread) [blinkpy.camera] Could not find thumbnail for camera Upstairs playroom .
2025-12-02 09:56:39.559 WARNING (MainThread) [blinkpy.camera] Could not find thumbnail for camera Basement.
2025-12-02 09:56:39.627 WARNING (MainThread) [blinkpy.camera] Could not find thumbnail for camera Living room .
2025-12-02 09:56:39.694 WARNING (MainThread) [blinkpy.camera] Could not find thumbnail for camera Patio.
2025-12-02 10:01:40.461 WARNING (MainThread) [blinkpy.camera] Could not find thumbnail for camera Upstairs playroom .
2025-12-02 10:01:40.557 WARNING (MainThread) [blinkpy.camera] Could not find thumbnail for camera Basement.
2025-12-02 10:01:40.641 WARNING (MainThread) [blinkpy.camera] Could not find thumbnail for camera Living room .
2025-12-02 10:01:40.713 WARNING (MainThread) [blinkpy.camera] Could not find thumbnail for camera Patio.
2025-12-02 10:06:41.457 WARNING (MainThread) [blinkpy.camera] Could not find thumbnail for camera Upstairs playroom .
2025-12-02 10:06:41.529 WARNING (MainThread) [blinkpy.camera] Could not find thumbnail for camera Basement.
2025-12-02 10:06:41.595 WARNING (MainThread) [blinkpy.camera] Could not find thumbnail for camera Living room .
2025-12-02 10:06:41.663 WARNING (MainThread) [blinkpy.camera] Could not find thumbnail for camera Patio.
2025-12-02 10:11:42.450 WARNING (MainThread) [blinkpy.camera] Could not find thumbnail for camera Upstairs playroom .
2025-12-02 10:11:42.521 WARNING (MainThread) [blinkpy.camera] Could not find thumbnail for camera Basement.
2025-12-02 10:11:42.594 WARNING (MainThread) [blinkpy.camera] Could not find thumbnail for camera Living room .
2025-12-02 10:11:42.660 WARNING (MainThread) [blinkpy.camera] Could not find thumbnail for camera Patio.
2025-12-02 10:16:43.371 WARNING (MainThread) [blinkpy.camera] Could not find thumbnail for camera Upstairs playroom .
2025-12-02 10:16:43.438 WARNING (MainThread) [blinkpy.camera] Could not find thumbnail for camera Basement.
2025-12-02 10:16:43.505 WARNING (MainThread) [blinkpy.camera] Could not find thumbnail for camera Living room .
2025-12-02 10:16:43.568 WARNING (MainThread) [blinkpy.camera] Could not find thumbnail for camera Patio.
2025-12-02 10:21:44.389 WARNING (MainThread) [blinkpy.camera] Could not find thumbnail for camera Upstairs playroom .
2025-12-02 10:21:44.460 WARNING (MainThread) [blinkpy.camera] Could not find thumbnail for camera Basement.
2025-12-02 10:21:44.531 WARNING (MainThread) [blinkpy.camera] Could not find thumbnail for camera Living room .
2025-12-02 10:21:44.592 WARNING (MainThread) [blinkpy.camera] Could not find thumbnail for camera Patio.
2025-12-02 10:26:45.350 WARNING (MainThread) [blinkpy.camera] Could not find thumbnail for camera Upstairs playroom .
2025-12-02 10:26:45.427 WARNING (MainThread) [blinkpy.camera] Could not find thumbnail for camera Basement.
2025-12-02 10:26:45.516 WARNING (MainThread) [blinkpy.camera] Could not find thumbnail for camera Living room .
2025-12-02 10:26:45.584 WARNING (MainThread) [blinkpy.camera] Could not find thumbnail for camera Patio.
