[0m18:04:32.384096 [debug] [MainThread]: Sending event: {'category': 'dbt', 'action': 'invocation', 'label': 'start', 'context': [<snowplow_tracker.self_describing_json.SelfDescribingJson object at 0x00000184C02DBE60>, <snowplow_tracker.self_describing_json.SelfDescribingJson object at 0x00000184BFB73860>, <snowplow_tracker.self_describing_json.SelfDescribingJson object at 0x00000184BFB72000>]}


============================== 18:04:32.396007 | 9a09fb92-4e78-4d4d-9e8b-bf143b673fc4 ==============================
[0m18:04:32.396007 [info ] [MainThread]: Running with dbt=1.11.2
[0m18:04:32.397123 [debug] [MainThread]: running dbt with arguments {'static_parser': 'True', 'no_print': 'None', 'version_check': 'True', 'warn_error_options': 'WarnErrorOptionsV2(error=[], warn=[], silence=[])', 'target_path': 'None', 'printer_width': '80', 'write_json': 'True', 'empty': 'False', 'log_cache_events': 'False', 'introspect': 'True', 'cache_selected_only': 'False', 'fail_fast': 'False', 'debug': 'False', 'log_format': 'default', 'partial_parse': 'True', 'send_anonymous_usage_stats': 'True', 'quiet': 'False', 'warn_error': 'None', 'profiles_dir': 'C:\\Users\\mattd\\.dbt', 'indirect_selection': 'eager', 'invocation_command': 'dbt run --select monthly_transactions', 'use_colors': 'True', 'use_experimental_parser': 'False', 'log_path': 'logs'}
[0m18:04:32.398222 [error] [MainThread]: Encountered an error:
Runtime Error
  No dbt_project.yml found at expected path C:\Users\mattd\OneDrive\Matts Documents\Docker\docker-projects\lightdash\dbt_project.yml
  Verify that each entry within packages.yml (and their transitive dependencies) contains a file named dbt_project.yml
  
[0m18:04:32.400957 [debug] [MainThread]: Command `dbt run` failed at 18:04:32.400957 after 0.39 seconds
[0m18:04:32.402072 [debug] [MainThread]: Sending event: {'category': 'dbt', 'action': 'invocation', 'label': 'end', 'context': [<snowplow_tracker.self_describing_json.SelfDescribingJson object at 0x00000184BFCD24B0>, <snowplow_tracker.self_describing_json.SelfDescribingJson object at 0x00000184BF9ADD60>, <snowplow_tracker.self_describing_json.SelfDescribingJson object at 0x00000184C02DBE60>]}
[0m18:04:32.402627 [debug] [MainThread]: Flushing usage events
[0m18:04:33.031390 [debug] [MainThread]: An error was encountered while trying to flush usage events
[0m22:40:38.205196 [debug] [MainThread]: Sending event: {'category': 'dbt', 'action': 'invocation', 'label': 'start', 'context': [<snowplow_tracker.self_describing_json.SelfDescribingJson object at 0x000002C2910CB9E0>, <snowplow_tracker.self_describing_json.SelfDescribingJson object at 0x000002C2910CBD40>, <snowplow_tracker.self_describing_json.SelfDescribingJson object at 0x000002C2910C8CB0>]}


============================== 22:40:38.215640 | 5269f7f1-a7dc-4a88-9a0e-e1b3c023d0f9 ==============================
[0m22:40:38.215640 [info ] [MainThread]: Running with dbt=1.11.2
[0m22:40:38.217159 [debug] [MainThread]: running dbt with arguments {'static_parser': 'True', 'no_print': 'None', 'version_check': 'True', 'target_path': 'None', 'warn_error_options': 'WarnErrorOptionsV2(error=[], warn=[], silence=[])', 'printer_width': '80', 'write_json': 'True', 'empty': 'False', 'log_cache_events': 'False', 'introspect': 'True', 'cache_selected_only': 'False', 'log_format': 'default', 'debug': 'False', 'fail_fast': 'False', 'partial_parse': 'True', 'send_anonymous_usage_stats': 'True', 'quiet': 'False', 'warn_error': 'None', 'profiles_dir': 'C:\\Users\\mattd\\.dbt', 'use_colors': 'True', 'indirect_selection': 'eager', 'invocation_command': 'dbt run --select stg_transactions', 'use_experimental_parser': 'False', 'log_path': 'logs'}
[0m22:40:38.218168 [error] [MainThread]: Encountered an error:
Runtime Error
  No dbt_project.yml found at expected path C:\Users\mattd\OneDrive\Matts Documents\Docker\docker-projects\lightdash\dbt_project.yml
  Verify that each entry within packages.yml (and their transitive dependencies) contains a file named dbt_project.yml
  
[0m22:40:38.219746 [debug] [MainThread]: Command `dbt run` failed at 22:40:38.219166 after 0.28 seconds
[0m22:40:38.219746 [debug] [MainThread]: Sending event: {'category': 'dbt', 'action': 'invocation', 'label': 'end', 'context': [<snowplow_tracker.self_describing_json.SelfDescribingJson object at 0x000002C291514800>, <snowplow_tracker.self_describing_json.SelfDescribingJson object at 0x000002C291571760>, <snowplow_tracker.self_describing_json.SelfDescribingJson object at 0x000002C2910CBDA0>]}
[0m22:40:38.220754 [debug] [MainThread]: Flushing usage events
[0m22:40:39.070099 [debug] [MainThread]: An error was encountered while trying to flush usage events
