{"__type":"$$EventMessageAudit","id":"776a0b8b-fa4a-4797-a9bc-2f0e67b59be8","ts":"2026-01-10T03:50:47.155+00:00","eventName":"n8n.audit.user.login.success","message":"n8n.audit.user.login.success","payload":{"userId":"8d21380e-3a4f-4a99-b5df-c1bb64c6cd7f","_email":"mattdamberg@gmail.com","_firstName":"Matt","_lastName":"Damberg","globalRole":"global:owner","authenticationMethod":"email"}}
{"__type":"$$EventMessageConfirm","confirm":"776a0b8b-fa4a-4797-a9bc-2f0e67b59be8","ts":"2026-01-10T03:50:47.158+00:00","source":{"id":"0","name":"eventBus"}}
{"__type":"$$EventMessageAudit","id":"e1a66644-2c36-4056-8332-e5f920646c1e","ts":"2026-01-10T04:07:35.449+00:00","eventName":"n8n.audit.workflow.created","message":"n8n.audit.workflow.created","payload":{"userId":"8d21380e-3a4f-4a99-b5df-c1bb64c6cd7f","_email":"mattdamberg@gmail.com","_firstName":"Matt","_lastName":"Damberg","globalRole":"global:owner","workflowId":"VSGiZ4L9BeBXngspjDwTi","workflowName":"My workflow"}}
{"__type":"$$EventMessageConfirm","confirm":"e1a66644-2c36-4056-8332-e5f920646c1e","ts":"2026-01-10T04:07:35.449+00:00","source":{"id":"0","name":"eventBus"}}
{"__type":"$$EventMessageWorkflow","id":"bd15a21c-edf3-4116-888f-5e6efc475988","ts":"2026-01-10T04:07:35.704+00:00","eventName":"n8n.workflow.started","message":"n8n.workflow.started","payload":{"executionId":"1","workflowId":"VSGiZ4L9BeBXngspjDwTi","isManual":false,"workflowName":"My workflow"}}
{"__type":"$$EventMessageConfirm","confirm":"bd15a21c-edf3-4116-888f-5e6efc475988","ts":"2026-01-10T04:07:35.704+00:00","source":{"id":"0","name":"eventBus"}}
{"__type":"$$EventMessageNode","id":"2c6094c7-34f1-47e4-b4c0-7e165b80f1f1","ts":"2026-01-10T04:07:35.706+00:00","eventName":"n8n.node.started","message":"n8n.node.started","payload":{"workflowId":"VSGiZ4L9BeBXngspjDwTi","workflowName":"My workflow","executionId":"1","nodeType":"n8n-nodes-base.scheduleTrigger","nodeName":"Schedule Trigger","nodeId":"616d0d44-dc17-43c1-b708-bef21fd05456"}}
{"__type":"$$EventMessageConfirm","confirm":"2c6094c7-34f1-47e4-b4c0-7e165b80f1f1","ts":"2026-01-10T04:07:35.706+00:00","source":{"id":"0","name":"eventBus"}}
{"__type":"$$EventMessageNode","id":"267e94b9-9e2e-4653-ba65-e218e3d78952","ts":"2026-01-10T04:07:35.728+00:00","eventName":"n8n.node.finished","message":"n8n.node.finished","payload":{"workflowId":"VSGiZ4L9BeBXngspjDwTi","workflowName":"My workflow","executionId":"1","nodeType":"n8n-nodes-base.scheduleTrigger","nodeName":"Schedule Trigger","nodeId":"616d0d44-dc17-43c1-b708-bef21fd05456"}}
{"__type":"$$EventMessageConfirm","confirm":"267e94b9-9e2e-4653-ba65-e218e3d78952","ts":"2026-01-10T04:07:35.729+00:00","source":{"id":"0","name":"eventBus"}}
{"__type":"$$EventMessageWorkflow","id":"ec38042d-3e96-4e37-ada0-db9ba4e71966","ts":"2026-01-10T04:07:35.737+00:00","eventName":"n8n.workflow.success","message":"n8n.workflow.success","payload":{"userId":"8d21380e-3a4f-4a99-b5df-c1bb64c6cd7f","executionId":"1","success":true,"isManual":true,"workflowId":"VSGiZ4L9BeBXngspjDwTi","workflowName":"My workflow"}}
{"__type":"$$EventMessageConfirm","confirm":"ec38042d-3e96-4e37-ada0-db9ba4e71966","ts":"2026-01-10T04:07:35.738+00:00","source":{"id":"0","name":"eventBus"}}
{"__type":"$$EventMessageAudit","id":"6004bf41-674d-4f4f-8aca-1dd2c16dc483","ts":"2026-01-10T06:19:22.887+00:00","eventName":"n8n.audit.workflow.created","message":"n8n.audit.workflow.created","payload":{"userId":"8d21380e-3a4f-4a99-b5df-c1bb64c6cd7f","_email":"mattdamberg@gmail.com","_firstName":"Matt","_lastName":"Damberg","globalRole":"global:owner","workflowId":"7FdeB2I-xvGUcHjIlP0cY","workflowName":"Home Assistant Power Consumption Report"}}
{"__type":"$$EventMessageConfirm","confirm":"6004bf41-674d-4f4f-8aca-1dd2c16dc483","ts":"2026-01-10T06:19:22.888+00:00","source":{"id":"0","name":"eventBus"}}
{"__type":"$$EventMessageWorkflow","id":"4942408b-6706-4bb8-aa50-286fc30f06f2","ts":"2026-01-10T06:19:23.239+00:00","eventName":"n8n.workflow.started","message":"n8n.workflow.started","payload":{"executionId":"2","workflowId":"7FdeB2I-xvGUcHjIlP0cY","isManual":false,"workflowName":"Home Assistant Power Consumption Report"}}
{"__type":"$$EventMessageConfirm","confirm":"4942408b-6706-4bb8-aa50-286fc30f06f2","ts":"2026-01-10T06:19:23.239+00:00","source":{"id":"0","name":"eventBus"}}
{"__type":"$$EventMessageNode","id":"93f998ff-fcfe-4c87-b2a6-37f4d1d7791c","ts":"2026-01-10T06:19:23.240+00:00","eventName":"n8n.node.started","message":"n8n.node.started","payload":{"workflowId":"7FdeB2I-xvGUcHjIlP0cY","workflowName":"Home Assistant Power Consumption Report","executionId":"2","nodeType":"n8n-nodes-base.scheduleTrigger","nodeName":"Schedule Daily 8 AM","nodeId":"c082afcf-d329-4ab5-8fbd-64249c719570"}}
{"__type":"$$EventMessageConfirm","confirm":"93f998ff-fcfe-4c87-b2a6-37f4d1d7791c","ts":"2026-01-10T06:19:23.240+00:00","source":{"id":"0","name":"eventBus"}}
{"__type":"$$EventMessageNode","id":"888546ed-3d32-4bac-a76c-07bf093b076f","ts":"2026-01-10T06:19:23.258+00:00","eventName":"n8n.node.finished","message":"n8n.node.finished","payload":{"workflowId":"7FdeB2I-xvGUcHjIlP0cY","workflowName":"Home Assistant Power Consumption Report","executionId":"2","nodeType":"n8n-nodes-base.scheduleTrigger","nodeName":"Schedule Daily 8 AM","nodeId":"c082afcf-d329-4ab5-8fbd-64249c719570"}}
{"__type":"$$EventMessageConfirm","confirm":"888546ed-3d32-4bac-a76c-07bf093b076f","ts":"2026-01-10T06:19:23.258+00:00","source":{"id":"0","name":"eventBus"}}
{"__type":"$$EventMessageNode","id":"22fb019a-188c-4e91-bff8-ccdcfffd31b6","ts":"2026-01-10T06:19:23.260+00:00","eventName":"n8n.node.started","message":"n8n.node.started","payload":{"workflowId":"7FdeB2I-xvGUcHjIlP0cY","workflowName":"Home Assistant Power Consumption Report","executionId":"2","nodeType":"n8n-nodes-base.httpRequest","nodeName":"Get All HA States","nodeId":"e8e237c4-2ad3-402d-9b06-ae012ec15a43"}}
{"__type":"$$EventMessageConfirm","confirm":"22fb019a-188c-4e91-bff8-ccdcfffd31b6","ts":"2026-01-10T06:19:23.260+00:00","source":{"id":"0","name":"eventBus"}}
{"__type":"$$EventMessageNode","id":"362c5d0b-02da-4a6e-8120-776d25896fbd","ts":"2026-01-10T06:19:23.329+00:00","eventName":"n8n.node.finished","message":"n8n.node.finished","payload":{"workflowId":"7FdeB2I-xvGUcHjIlP0cY","workflowName":"Home Assistant Power Consumption Report","executionId":"2","nodeType":"n8n-nodes-base.httpRequest","nodeName":"Get All HA States","nodeId":"e8e237c4-2ad3-402d-9b06-ae012ec15a43"}}
{"__type":"$$EventMessageConfirm","confirm":"362c5d0b-02da-4a6e-8120-776d25896fbd","ts":"2026-01-10T06:19:23.329+00:00","source":{"id":"0","name":"eventBus"}}
{"__type":"$$EventMessageWorkflow","id":"5184fb32-ba72-4c3e-a260-76e1f8ea481d","ts":"2026-01-10T06:19:23.333+00:00","eventName":"n8n.workflow.failed","message":"n8n.workflow.failed","payload":{"userId":"8d21380e-3a4f-4a99-b5df-c1bb64c6cd7f","executionId":"2","success":false,"isManual":true,"workflowId":"7FdeB2I-xvGUcHjIlP0cY","workflowName":"Home Assistant Power Consumption Report","lastNodeExecuted":"Get All HA States","errorNodeType":"n8n-nodes-base.httpRequest","errorMessage":"Credentials not found"}}
{"__type":"$$EventMessageConfirm","confirm":"5184fb32-ba72-4c3e-a260-76e1f8ea481d","ts":"2026-01-10T06:19:23.333+00:00","source":{"id":"0","name":"eventBus"}}
{"__type":"$$EventMessageWorkflow","id":"52c80e2f-aab6-486c-bc8e-26bbaba8c3b7","ts":"2026-01-10T06:31:28.491+00:00","eventName":"n8n.workflow.started","message":"n8n.workflow.started","payload":{"executionId":"3","workflowId":"7FdeB2I-xvGUcHjIlP0cY","isManual":false,"workflowName":"Home Assistant Power Consumption Report"}}
{"__type":"$$EventMessageConfirm","confirm":"52c80e2f-aab6-486c-bc8e-26bbaba8c3b7","ts":"2026-01-10T06:31:28.492+00:00","source":{"id":"0","name":"eventBus"}}
{"__type":"$$EventMessageNode","id":"9de0ab1a-af9e-452b-b5d1-d1ec2bbaa5e1","ts":"2026-01-10T06:31:28.493+00:00","eventName":"n8n.node.started","message":"n8n.node.started","payload":{"workflowId":"7FdeB2I-xvGUcHjIlP0cY","workflowName":"Home Assistant Power Consumption Report","executionId":"3","nodeType":"n8n-nodes-base.scheduleTrigger","nodeName":"Schedule Daily 8 AM","nodeId":"c082afcf-d329-4ab5-8fbd-64249c719570"}}
{"__type":"$$EventMessageConfirm","confirm":"9de0ab1a-af9e-452b-b5d1-d1ec2bbaa5e1","ts":"2026-01-10T06:31:28.493+00:00","source":{"id":"0","name":"eventBus"}}
{"__type":"$$EventMessageNode","id":"e1029bd4-181a-4d6f-b6cd-99f852aebf43","ts":"2026-01-10T06:31:28.497+00:00","eventName":"n8n.node.finished","message":"n8n.node.finished","payload":{"workflowId":"7FdeB2I-xvGUcHjIlP0cY","workflowName":"Home Assistant Power Consumption Report","executionId":"3","nodeType":"n8n-nodes-base.scheduleTrigger","nodeName":"Schedule Daily 8 AM","nodeId":"c082afcf-d329-4ab5-8fbd-64249c719570"}}
{"__type":"$$EventMessageConfirm","confirm":"e1029bd4-181a-4d6f-b6cd-99f852aebf43","ts":"2026-01-10T06:31:28.497+00:00","source":{"id":"0","name":"eventBus"}}
{"__type":"$$EventMessageNode","id":"2894b660-1ce6-489f-ab26-ab989571608e","ts":"2026-01-10T06:31:28.498+00:00","eventName":"n8n.node.started","message":"n8n.node.started","payload":{"workflowId":"7FdeB2I-xvGUcHjIlP0cY","workflowName":"Home Assistant Power Consumption Report","executionId":"3","nodeType":"n8n-nodes-base.httpRequest","nodeName":"Get All HA States","nodeId":"e8e237c4-2ad3-402d-9b06-ae012ec15a43"}}
{"__type":"$$EventMessageConfirm","confirm":"2894b660-1ce6-489f-ab26-ab989571608e","ts":"2026-01-10T06:31:28.498+00:00","source":{"id":"0","name":"eventBus"}}
{"__type":"$$EventMessageNode","id":"750569af-cf24-4edb-b5eb-12b70e2d480c","ts":"2026-01-10T06:31:28.500+00:00","eventName":"n8n.node.finished","message":"n8n.node.finished","payload":{"workflowId":"7FdeB2I-xvGUcHjIlP0cY","workflowName":"Home Assistant Power Consumption Report","executionId":"3","nodeType":"n8n-nodes-base.httpRequest","nodeName":"Get All HA States","nodeId":"e8e237c4-2ad3-402d-9b06-ae012ec15a43"}}
{"__type":"$$EventMessageConfirm","confirm":"750569af-cf24-4edb-b5eb-12b70e2d480c","ts":"2026-01-10T06:31:28.500+00:00","source":{"id":"0","name":"eventBus"}}
{"__type":"$$EventMessageWorkflow","id":"088b960b-657d-4179-8866-50fa9a47ed93","ts":"2026-01-10T06:31:28.505+00:00","eventName":"n8n.workflow.failed","message":"n8n.workflow.failed","payload":{"userId":"8d21380e-3a4f-4a99-b5df-c1bb64c6cd7f","executionId":"3","success":false,"isManual":true,"workflowId":"7FdeB2I-xvGUcHjIlP0cY","workflowName":"Home Assistant Power Consumption Report","lastNodeExecuted":"Get All HA States","errorNodeType":"n8n-nodes-base.httpRequest","errorMessage":"Credentials not found"}}
{"__type":"$$EventMessageConfirm","confirm":"088b960b-657d-4179-8866-50fa9a47ed93","ts":"2026-01-10T06:31:28.505+00:00","source":{"id":"0","name":"eventBus"}}
{"__type":"$$EventMessageAudit","id":"4c323fa8-a6e2-4ee2-90d1-0d3e50230215","ts":"2026-01-10T06:32:49.144+00:00","eventName":"n8n.audit.workflow.created","message":"n8n.audit.workflow.created","payload":{"userId":"8d21380e-3a4f-4a99-b5df-c1bb64c6cd7f","_email":"mattdamberg@gmail.com","_firstName":"Matt","_lastName":"Damberg","globalRole":"global:owner","workflowId":"xD1Nnc5puuoFCOlk7KP4Y","workflowName":"Home Assistant Power Consumption Report"}}
{"__type":"$$EventMessageConfirm","confirm":"4c323fa8-a6e2-4ee2-90d1-0d3e50230215","ts":"2026-01-10T06:32:49.144+00:00","source":{"id":"0","name":"eventBus"}}
{"__type":"$$EventMessageWorkflow","id":"797d7735-5a7d-4aa2-9f47-cc31f85b49f1","ts":"2026-01-10T06:32:49.271+00:00","eventName":"n8n.workflow.started","message":"n8n.workflow.started","payload":{"executionId":"4","workflowId":"xD1Nnc5puuoFCOlk7KP4Y","isManual":false,"workflowName":"Home Assistant Power Consumption Report"}}
{"__type":"$$EventMessageConfirm","confirm":"797d7735-5a7d-4aa2-9f47-cc31f85b49f1","ts":"2026-01-10T06:32:49.271+00:00","source":{"id":"0","name":"eventBus"}}
{"__type":"$$EventMessageNode","id":"eec3ab6f-baed-4379-9fde-00f4bfb33e78","ts":"2026-01-10T06:32:49.272+00:00","eventName":"n8n.node.started","message":"n8n.node.started","payload":{"workflowId":"xD1Nnc5puuoFCOlk7KP4Y","workflowName":"Home Assistant Power Consumption Report","executionId":"4","nodeType":"n8n-nodes-base.manualTrigger","nodeName":"Manual Trigger","nodeId":"fe452430-9e78-4dcb-9b2e-a6e125554bda"}}
{"__type":"$$EventMessageConfirm","confirm":"eec3ab6f-baed-4379-9fde-00f4bfb33e78","ts":"2026-01-10T06:32:49.272+00:00","source":{"id":"0","name":"eventBus"}}
{"__type":"$$EventMessageNode","id":"ca11fbb0-47f9-427e-93b5-f65cb39ebbda","ts":"2026-01-10T06:32:49.274+00:00","eventName":"n8n.node.finished","message":"n8n.node.finished","payload":{"workflowId":"xD1Nnc5puuoFCOlk7KP4Y","workflowName":"Home Assistant Power Consumption Report","executionId":"4","nodeType":"n8n-nodes-base.manualTrigger","nodeName":"Manual Trigger","nodeId":"fe452430-9e78-4dcb-9b2e-a6e125554bda"}}
{"__type":"$$EventMessageConfirm","confirm":"ca11fbb0-47f9-427e-93b5-f65cb39ebbda","ts":"2026-01-10T06:32:49.274+00:00","source":{"id":"0","name":"eventBus"}}
{"__type":"$$EventMessageNode","id":"c03ea7bc-8e84-4636-8947-23185341550b","ts":"2026-01-10T06:32:49.280+00:00","eventName":"n8n.node.started","message":"n8n.node.started","payload":{"workflowId":"xD1Nnc5puuoFCOlk7KP4Y","workflowName":"Home Assistant Power Consumption Report","executionId":"4","nodeType":"n8n-nodes-base.httpRequest","nodeName":"Get All HA States","nodeId":"166fdbe7-66e9-47e3-84d6-7f218fe8f2c8"}}
{"__type":"$$EventMessageConfirm","confirm":"c03ea7bc-8e84-4636-8947-23185341550b","ts":"2026-01-10T06:32:49.280+00:00","source":{"id":"0","name":"eventBus"}}
{"__type":"$$EventMessageNode","id":"659ccbe8-e650-4fdb-b9e1-8250de80fdd1","ts":"2026-01-10T06:32:49.449+00:00","eventName":"n8n.node.finished","message":"n8n.node.finished","payload":{"workflowId":"xD1Nnc5puuoFCOlk7KP4Y","workflowName":"Home Assistant Power Consumption Report","executionId":"4","nodeType":"n8n-nodes-base.httpRequest","nodeName":"Get All HA States","nodeId":"166fdbe7-66e9-47e3-84d6-7f218fe8f2c8"}}
{"__type":"$$EventMessageConfirm","confirm":"659ccbe8-e650-4fdb-b9e1-8250de80fdd1","ts":"2026-01-10T06:32:49.450+00:00","source":{"id":"0","name":"eventBus"}}
{"__type":"$$EventMessageNode","id":"21bb518c-89ae-4b75-b981-651bf2f998c6","ts":"2026-01-10T06:32:49.462+00:00","eventName":"n8n.node.started","message":"n8n.node.started","payload":{"workflowId":"xD1Nnc5puuoFCOlk7KP4Y","workflowName":"Home Assistant Power Consumption Report","executionId":"4","nodeType":"n8n-nodes-base.code","nodeName":"Filter Power Sensors","nodeId":"4696c288-c563-4d54-a650-a75ec72b97c1"}}
{"__type":"$$EventMessageConfirm","confirm":"21bb518c-89ae-4b75-b981-651bf2f998c6","ts":"2026-01-10T06:32:49.462+00:00","source":{"id":"0","name":"eventBus"}}
{"__type":"$$EventMessageRunner","id":"01421db4-4c10-4767-816b-b1a17b69408f","ts":"2026-01-10T06:32:49.511+00:00","eventName":"n8n.runner.task.requested","message":"n8n.runner.task.requested","payload":{"taskId":"-q3rxM_b","nodeId":"4696c288-c563-4d54-a650-a75ec72b97c1","workflowId":"xD1Nnc5puuoFCOlk7KP4Y","executionId":"4"}}
{"__type":"$$EventMessageConfirm","confirm":"01421db4-4c10-4767-816b-b1a17b69408f","ts":"2026-01-10T06:32:49.511+00:00","source":{"id":"0","name":"eventBus"}}
{"__type":"$$EventMessageNode","id":"fc588bae-9914-437f-8519-5ab040824f17","ts":"2026-01-10T06:32:49.973+00:00","eventName":"n8n.node.finished","message":"n8n.node.finished","payload":{"workflowId":"xD1Nnc5puuoFCOlk7KP4Y","workflowName":"Home Assistant Power Consumption Report","executionId":"4","nodeType":"n8n-nodes-base.code","nodeName":"Filter Power Sensors","nodeId":"4696c288-c563-4d54-a650-a75ec72b97c1"}}
{"__type":"$$EventMessageConfirm","confirm":"fc588bae-9914-437f-8519-5ab040824f17","ts":"2026-01-10T06:32:49.973+00:00","source":{"id":"0","name":"eventBus"}}
{"__type":"$$EventMessageWorkflow","id":"71d63ad0-6a82-4ea0-9a9a-f71993f37530","ts":"2026-01-10T06:32:49.975+00:00","eventName":"n8n.workflow.failed","message":"n8n.workflow.failed","payload":{"userId":"8d21380e-3a4f-4a99-b5df-c1bb64c6cd7f","executionId":"4","success":false,"isManual":true,"workflowId":"xD1Nnc5puuoFCOlk7KP4Y","workflowName":"Home Assistant Power Consumption Report","lastNodeExecuted":"Filter Power Sensors","errorMessage":"allStates.filter is not a function [line 4]"}}
{"__type":"$$EventMessageConfirm","confirm":"71d63ad0-6a82-4ea0-9a9a-f71993f37530","ts":"2026-01-10T06:32:49.975+00:00","source":{"id":"0","name":"eventBus"}}
{"__type":"$$EventMessageWorkflow","id":"dad8f37e-78f8-4e1d-bdf4-ebed0db8b48c","ts":"2026-01-12T02:20:42.593+00:00","eventName":"n8n.workflow.started","message":"n8n.workflow.started","payload":{"executionId":"5","workflowId":"xD1Nnc5puuoFCOlk7KP4Y","isManual":false,"workflowName":"Home Assistant Power Consumption Report"}}
{"__type":"$$EventMessageConfirm","confirm":"dad8f37e-78f8-4e1d-bdf4-ebed0db8b48c","ts":"2026-01-12T02:20:42.596+00:00","source":{"id":"0","name":"eventBus"}}
{"__type":"$$EventMessageNode","id":"6ece3495-dcef-4b3a-95b0-3042eac01cb5","ts":"2026-01-12T02:20:42.598+00:00","eventName":"n8n.node.started","message":"n8n.node.started","payload":{"workflowId":"xD1Nnc5puuoFCOlk7KP4Y","workflowName":"Home Assistant Power Consumption Report","executionId":"5","nodeType":"n8n-nodes-base.manualTrigger","nodeName":"Manual Trigger","nodeId":"fe452430-9e78-4dcb-9b2e-a6e125554bda"}}
{"__type":"$$EventMessageConfirm","confirm":"6ece3495-dcef-4b3a-95b0-3042eac01cb5","ts":"2026-01-12T02:20:42.598+00:00","source":{"id":"0","name":"eventBus"}}
{"__type":"$$EventMessageNode","id":"be9d9f1c-fa63-4b2e-91f9-7192d5653187","ts":"2026-01-12T02:20:42.611+00:00","eventName":"n8n.node.finished","message":"n8n.node.finished","payload":{"workflowId":"xD1Nnc5puuoFCOlk7KP4Y","workflowName":"Home Assistant Power Consumption Report","executionId":"5","nodeType":"n8n-nodes-base.manualTrigger","nodeName":"Manual Trigger","nodeId":"fe452430-9e78-4dcb-9b2e-a6e125554bda"}}
{"__type":"$$EventMessageConfirm","confirm":"be9d9f1c-fa63-4b2e-91f9-7192d5653187","ts":"2026-01-12T02:20:42.611+00:00","source":{"id":"0","name":"eventBus"}}
{"__type":"$$EventMessageNode","id":"b26545f8-3217-4b1e-ae0b-baf730bc34b8","ts":"2026-01-12T02:20:42.613+00:00","eventName":"n8n.node.started","message":"n8n.node.started","payload":{"workflowId":"xD1Nnc5puuoFCOlk7KP4Y","workflowName":"Home Assistant Power Consumption Report","executionId":"5","nodeType":"n8n-nodes-base.httpRequest","nodeName":"Get All HA States","nodeId":"166fdbe7-66e9-47e3-84d6-7f218fe8f2c8"}}
{"__type":"$$EventMessageConfirm","confirm":"b26545f8-3217-4b1e-ae0b-baf730bc34b8","ts":"2026-01-12T02:20:42.613+00:00","source":{"id":"0","name":"eventBus"}}
{"__type":"$$EventMessageNode","id":"f1e4ac7d-1ad9-4fee-bad7-46192c0c004a","ts":"2026-01-12T02:20:42.737+00:00","eventName":"n8n.node.finished","message":"n8n.node.finished","payload":{"workflowId":"xD1Nnc5puuoFCOlk7KP4Y","workflowName":"Home Assistant Power Consumption Report","executionId":"5","nodeType":"n8n-nodes-base.httpRequest","nodeName":"Get All HA States","nodeId":"166fdbe7-66e9-47e3-84d6-7f218fe8f2c8"}}
{"__type":"$$EventMessageConfirm","confirm":"f1e4ac7d-1ad9-4fee-bad7-46192c0c004a","ts":"2026-01-12T02:20:42.737+00:00","source":{"id":"0","name":"eventBus"}}
{"__type":"$$EventMessageNode","id":"f38157a8-a439-4766-97cf-84dc61ddb138","ts":"2026-01-12T02:20:42.750+00:00","eventName":"n8n.node.started","message":"n8n.node.started","payload":{"workflowId":"xD1Nnc5puuoFCOlk7KP4Y","workflowName":"Home Assistant Power Consumption Report","executionId":"5","nodeType":"n8n-nodes-base.code","nodeName":"Filter Power Sensors","nodeId":"4696c288-c563-4d54-a650-a75ec72b97c1"}}
{"__type":"$$EventMessageConfirm","confirm":"f38157a8-a439-4766-97cf-84dc61ddb138","ts":"2026-01-12T02:20:42.751+00:00","source":{"id":"0","name":"eventBus"}}
{"__type":"$$EventMessageRunner","id":"e6a93de5-f196-4824-95d7-c382aefc35fb","ts":"2026-01-12T02:20:42.777+00:00","eventName":"n8n.runner.task.requested","message":"n8n.runner.task.requested","payload":{"taskId":"55XzkpTC","nodeId":"4696c288-c563-4d54-a650-a75ec72b97c1","workflowId":"xD1Nnc5puuoFCOlk7KP4Y","executionId":"5"}}
{"__type":"$$EventMessageConfirm","confirm":"e6a93de5-f196-4824-95d7-c382aefc35fb","ts":"2026-01-12T02:20:42.778+00:00","source":{"id":"0","name":"eventBus"}}
{"__type":"$$EventMessageNode","id":"636351b5-7054-441b-baf5-17cf0c5dafd6","ts":"2026-01-12T02:20:42.940+00:00","eventName":"n8n.node.finished","message":"n8n.node.finished","payload":{"workflowId":"xD1Nnc5puuoFCOlk7KP4Y","workflowName":"Home Assistant Power Consumption Report","executionId":"5","nodeType":"n8n-nodes-base.code","nodeName":"Filter Power Sensors","nodeId":"4696c288-c563-4d54-a650-a75ec72b97c1"}}
{"__type":"$$EventMessageConfirm","confirm":"636351b5-7054-441b-baf5-17cf0c5dafd6","ts":"2026-01-12T02:20:42.941+00:00","source":{"id":"0","name":"eventBus"}}
{"__type":"$$EventMessageWorkflow","id":"64c38435-065a-48ac-8c8b-db979e079edb","ts":"2026-01-12T02:20:42.950+00:00","eventName":"n8n.workflow.failed","message":"n8n.workflow.failed","payload":{"userId":"8d21380e-3a4f-4a99-b5df-c1bb64c6cd7f","executionId":"5","success":false,"isManual":true,"workflowId":"xD1Nnc5puuoFCOlk7KP4Y","workflowName":"Home Assistant Power Consumption Report","lastNodeExecuted":"Filter Power Sensors","errorMessage":"allStates.filter is not a function [line 4]"}}
{"__type":"$$EventMessageConfirm","confirm":"64c38435-065a-48ac-8c8b-db979e079edb","ts":"2026-01-12T02:20:42.950+00:00","source":{"id":"0","name":"eventBus"}}
{"__type":"$$EventMessageAudit","id":"a30dc4ba-2003-4f5c-91d6-d79fcd0be704","ts":"2026-01-12T02:23:04.533+00:00","eventName":"n8n.audit.workflow.created","message":"n8n.audit.workflow.created","payload":{"userId":"8d21380e-3a4f-4a99-b5df-c1bb64c6cd7f","_email":"mattdamberg@gmail.com","_firstName":"Matt","_lastName":"Damberg","globalRole":"global:owner","workflowId":"0CCF2xh_5AWhp9wuB09Ci","workflowName":"Home Assistant Power Consumption Report"}}
{"__type":"$$EventMessageConfirm","confirm":"a30dc4ba-2003-4f5c-91d6-d79fcd0be704","ts":"2026-01-12T02:23:04.534+00:00","source":{"id":"0","name":"eventBus"}}
{"__type":"$$EventMessageWorkflow","id":"07f5012d-9517-4955-b3f6-417afa335709","ts":"2026-01-12T02:23:04.666+00:00","eventName":"n8n.workflow.started","message":"n8n.workflow.started","payload":{"executionId":"6","workflowId":"0CCF2xh_5AWhp9wuB09Ci","isManual":false,"workflowName":"Home Assistant Power Consumption Report"}}
{"__type":"$$EventMessageConfirm","confirm":"07f5012d-9517-4955-b3f6-417afa335709","ts":"2026-01-12T02:23:04.666+00:00","source":{"id":"0","name":"eventBus"}}
{"__type":"$$EventMessageNode","id":"4018246a-c5a6-4c80-87d2-c1dd7c196210","ts":"2026-01-12T02:23:04.667+00:00","eventName":"n8n.node.started","message":"n8n.node.started","payload":{"workflowId":"0CCF2xh_5AWhp9wuB09Ci","workflowName":"Home Assistant Power Consumption Report","executionId":"6","nodeType":"n8n-nodes-base.manualTrigger","nodeName":"Manual Trigger","nodeId":"e61cbd30-868a-4e7e-b0e1-acdb1ee60bc2"}}
{"__type":"$$EventMessageConfirm","confirm":"4018246a-c5a6-4c80-87d2-c1dd7c196210","ts":"2026-01-12T02:23:04.667+00:00","source":{"id":"0","name":"eventBus"}}
{"__type":"$$EventMessageNode","id":"3f1a3075-d894-4796-811c-7ebe2e5c159b","ts":"2026-01-12T02:23:04.668+00:00","eventName":"n8n.node.finished","message":"n8n.node.finished","payload":{"workflowId":"0CCF2xh_5AWhp9wuB09Ci","workflowName":"Home Assistant Power Consumption Report","executionId":"6","nodeType":"n8n-nodes-base.manualTrigger","nodeName":"Manual Trigger","nodeId":"e61cbd30-868a-4e7e-b0e1-acdb1ee60bc2"}}
{"__type":"$$EventMessageConfirm","confirm":"3f1a3075-d894-4796-811c-7ebe2e5c159b","ts":"2026-01-12T02:23:04.668+00:00","source":{"id":"0","name":"eventBus"}}
{"__type":"$$EventMessageNode","id":"e3b75a83-d672-422f-bb8c-5a57149aa447","ts":"2026-01-12T02:23:04.671+00:00","eventName":"n8n.node.started","message":"n8n.node.started","payload":{"workflowId":"0CCF2xh_5AWhp9wuB09Ci","workflowName":"Home Assistant Power Consumption Report","executionId":"6","nodeType":"n8n-nodes-base.httpRequest","nodeName":"Get All HA States","nodeId":"016e9870-2fe2-415c-8018-f27afa2ff9cc"}}
{"__type":"$$EventMessageConfirm","confirm":"e3b75a83-d672-422f-bb8c-5a57149aa447","ts":"2026-01-12T02:23:04.671+00:00","source":{"id":"0","name":"eventBus"}}
{"__type":"$$EventMessageNode","id":"e284713c-481d-49e9-b816-6a04f311cd40","ts":"2026-01-12T02:23:04.701+00:00","eventName":"n8n.node.finished","message":"n8n.node.finished","payload":{"workflowId":"0CCF2xh_5AWhp9wuB09Ci","workflowName":"Home Assistant Power Consumption Report","executionId":"6","nodeType":"n8n-nodes-base.httpRequest","nodeName":"Get All HA States","nodeId":"016e9870-2fe2-415c-8018-f27afa2ff9cc"}}
{"__type":"$$EventMessageConfirm","confirm":"e284713c-481d-49e9-b816-6a04f311cd40","ts":"2026-01-12T02:23:04.701+00:00","source":{"id":"0","name":"eventBus"}}
{"__type":"$$EventMessageNode","id":"d80fe589-e9ec-4421-a7a3-3e8df1863703","ts":"2026-01-12T02:23:04.713+00:00","eventName":"n8n.node.started","message":"n8n.node.started","payload":{"workflowId":"0CCF2xh_5AWhp9wuB09Ci","workflowName":"Home Assistant Power Consumption Report","executionId":"6","nodeType":"n8n-nodes-base.code","nodeName":"Filter Power Sensors","nodeId":"84d0f492-4782-41cf-b1e8-412c49a29a00"}}
{"__type":"$$EventMessageConfirm","confirm":"d80fe589-e9ec-4421-a7a3-3e8df1863703","ts":"2026-01-12T02:23:04.713+00:00","source":{"id":"0","name":"eventBus"}}
{"__type":"$$EventMessageRunner","id":"94f1aaf9-c168-4996-b524-0c942b9370ba","ts":"2026-01-12T02:23:04.717+00:00","eventName":"n8n.runner.task.requested","message":"n8n.runner.task.requested","payload":{"taskId":"qCyU-nJk","nodeId":"84d0f492-4782-41cf-b1e8-412c49a29a00","workflowId":"0CCF2xh_5AWhp9wuB09Ci","executionId":"6"}}
{"__type":"$$EventMessageConfirm","confirm":"94f1aaf9-c168-4996-b524-0c942b9370ba","ts":"2026-01-12T02:23:04.718+00:00","source":{"id":"0","name":"eventBus"}}
{"__type":"$$EventMessageRunner","id":"52d7758b-d05c-4e67-917f-42428c83a993","ts":"2026-01-12T02:23:04.765+00:00","eventName":"n8n.runner.response.received","message":"n8n.runner.response.received","payload":{"taskId":"qCyU-nJk","nodeId":"84d0f492-4782-41cf-b1e8-412c49a29a00","workflowId":"0CCF2xh_5AWhp9wuB09Ci","executionId":"6"}}
{"__type":"$$EventMessageConfirm","confirm":"52d7758b-d05c-4e67-917f-42428c83a993","ts":"2026-01-12T02:23:04.765+00:00","source":{"id":"0","name":"eventBus"}}
{"__type":"$$EventMessageNode","id":"27e91714-a700-4243-8b98-1ecc13827e52","ts":"2026-01-12T02:23:04.766+00:00","eventName":"n8n.node.finished","message":"n8n.node.finished","payload":{"workflowId":"0CCF2xh_5AWhp9wuB09Ci","workflowName":"Home Assistant Power Consumption Report","executionId":"6","nodeType":"n8n-nodes-base.code","nodeName":"Filter Power Sensors","nodeId":"84d0f492-4782-41cf-b1e8-412c49a29a00"}}
{"__type":"$$EventMessageConfirm","confirm":"27e91714-a700-4243-8b98-1ecc13827e52","ts":"2026-01-12T02:23:04.766+00:00","source":{"id":"0","name":"eventBus"}}
{"__type":"$$EventMessageWorkflow","id":"dac90501-771c-4a5b-bdd8-5c78b024e5f4","ts":"2026-01-12T02:23:04.769+00:00","eventName":"n8n.workflow.success","message":"n8n.workflow.success","payload":{"userId":"8d21380e-3a4f-4a99-b5df-c1bb64c6cd7f","executionId":"6","success":true,"isManual":true,"workflowId":"0CCF2xh_5AWhp9wuB09Ci","workflowName":"Home Assistant Power Consumption Report"}}
{"__type":"$$EventMessageConfirm","confirm":"dac90501-771c-4a5b-bdd8-5c78b024e5f4","ts":"2026-01-12T02:23:04.769+00:00","source":{"id":"0","name":"eventBus"}}
