{"__type":"$$EventMessageWorkflow","id":"3ce2af9b-8250-4b25-a171-f4e8d950725e","ts":"2026-01-14T14:55:31.092+00:00","eventName":"n8n.workflow.started","message":"n8n.workflow.started","payload":{"executionId":"471","workflowId":"0CCF2xh_5AWhp9wuB09Ci","isManual":false,"workflowName":"Home Assistant Power Consumption Report"}}
{"__type":"$$EventMessageConfirm","confirm":"3ce2af9b-8250-4b25-a171-f4e8d950725e","ts":"2026-01-14T14:55:31.093+00:00","source":{"id":"0","name":"eventBus"}}
{"__type":"$$EventMessageNode","id":"157ae614-0d29-4417-bbdc-80c498ec419b","ts":"2026-01-14T14:55:31.094+00:00","eventName":"n8n.node.started","message":"n8n.node.started","payload":{"workflowId":"0CCF2xh_5AWhp9wuB09Ci","workflowName":"Home Assistant Power Consumption Report","executionId":"471","nodeType":"n8n-nodes-base.scheduleTrigger","nodeName":"Schedule Trigger","nodeId":"12019c4d-c5a1-429f-8edb-7082f649977b"}}
{"__type":"$$EventMessageConfirm","confirm":"157ae614-0d29-4417-bbdc-80c498ec419b","ts":"2026-01-14T14:55:31.094+00:00","source":{"id":"0","name":"eventBus"}}
{"__type":"$$EventMessageNode","id":"583f91d1-408a-4f9d-8686-7d96313e5a79","ts":"2026-01-14T14:55:31.095+00:00","eventName":"n8n.node.finished","message":"n8n.node.finished","payload":{"workflowId":"0CCF2xh_5AWhp9wuB09Ci","workflowName":"Home Assistant Power Consumption Report","executionId":"471","nodeType":"n8n-nodes-base.scheduleTrigger","nodeName":"Schedule Trigger","nodeId":"12019c4d-c5a1-429f-8edb-7082f649977b"}}
{"__type":"$$EventMessageConfirm","confirm":"583f91d1-408a-4f9d-8686-7d96313e5a79","ts":"2026-01-14T14:55:31.095+00:00","source":{"id":"0","name":"eventBus"}}
{"__type":"$$EventMessageNode","id":"4b79d240-bc01-44e1-9f10-c0887085471a","ts":"2026-01-14T14:55:31.095+00:00","eventName":"n8n.node.started","message":"n8n.node.started","payload":{"workflowId":"0CCF2xh_5AWhp9wuB09Ci","workflowName":"Home Assistant Power Consumption Report","executionId":"471","nodeType":"n8n-nodes-base.httpRequest","nodeName":"Get All HA States","nodeId":"016e9870-2fe2-415c-8018-f27afa2ff9cc"}}
{"__type":"$$EventMessageConfirm","confirm":"4b79d240-bc01-44e1-9f10-c0887085471a","ts":"2026-01-14T14:55:31.095+00:00","source":{"id":"0","name":"eventBus"}}
{"__type":"$$EventMessageNode","id":"09753115-e125-410d-8660-61c19ebe055a","ts":"2026-01-14T14:55:31.148+00:00","eventName":"n8n.node.finished","message":"n8n.node.finished","payload":{"workflowId":"0CCF2xh_5AWhp9wuB09Ci","workflowName":"Home Assistant Power Consumption Report","executionId":"471","nodeType":"n8n-nodes-base.httpRequest","nodeName":"Get All HA States","nodeId":"016e9870-2fe2-415c-8018-f27afa2ff9cc"}}
{"__type":"$$EventMessageConfirm","confirm":"09753115-e125-410d-8660-61c19ebe055a","ts":"2026-01-14T14:55:31.149+00:00","source":{"id":"0","name":"eventBus"}}
{"__type":"$$EventMessageNode","id":"c0976c8d-a777-4829-bcbd-73e617afaddb","ts":"2026-01-14T14:55:31.150+00:00","eventName":"n8n.node.started","message":"n8n.node.started","payload":{"workflowId":"0CCF2xh_5AWhp9wuB09Ci","workflowName":"Home Assistant Power Consumption Report","executionId":"471","nodeType":"n8n-nodes-base.code","nodeName":"Filter Power Sensors","nodeId":"84d0f492-4782-41cf-b1e8-412c49a29a00"}}
{"__type":"$$EventMessageConfirm","confirm":"c0976c8d-a777-4829-bcbd-73e617afaddb","ts":"2026-01-14T14:55:31.150+00:00","source":{"id":"0","name":"eventBus"}}
{"__type":"$$EventMessageRunner","id":"d6180022-349c-45cd-8d03-5cc6544fc4a3","ts":"2026-01-14T14:55:31.154+00:00","eventName":"n8n.runner.task.requested","message":"n8n.runner.task.requested","payload":{"taskId":"z4rEw1q0","nodeId":"84d0f492-4782-41cf-b1e8-412c49a29a00","workflowId":"0CCF2xh_5AWhp9wuB09Ci","executionId":"471"}}
{"__type":"$$EventMessageConfirm","confirm":"d6180022-349c-45cd-8d03-5cc6544fc4a3","ts":"2026-01-14T14:55:31.154+00:00","source":{"id":"0","name":"eventBus"}}
{"__type":"$$EventMessageRunner","id":"dc0c007f-916f-4da6-ac44-06f24185d040","ts":"2026-01-14T14:55:31.256+00:00","eventName":"n8n.runner.response.received","message":"n8n.runner.response.received","payload":{"taskId":"z4rEw1q0","nodeId":"84d0f492-4782-41cf-b1e8-412c49a29a00","workflowId":"0CCF2xh_5AWhp9wuB09Ci","executionId":"471"}}
{"__type":"$$EventMessageConfirm","confirm":"dc0c007f-916f-4da6-ac44-06f24185d040","ts":"2026-01-14T14:55:31.257+00:00","source":{"id":"0","name":"eventBus"}}
{"__type":"$$EventMessageNode","id":"13d7c86b-8cc9-4465-a2bc-809c7377c0a5","ts":"2026-01-14T14:55:31.258+00:00","eventName":"n8n.node.finished","message":"n8n.node.finished","payload":{"workflowId":"0CCF2xh_5AWhp9wuB09Ci","workflowName":"Home Assistant Power Consumption Report","executionId":"471","nodeType":"n8n-nodes-base.code","nodeName":"Filter Power Sensors","nodeId":"84d0f492-4782-41cf-b1e8-412c49a29a00"}}
{"__type":"$$EventMessageConfirm","confirm":"13d7c86b-8cc9-4465-a2bc-809c7377c0a5","ts":"2026-01-14T14:55:31.258+00:00","source":{"id":"0","name":"eventBus"}}
{"__type":"$$EventMessageNode","id":"3062d40a-56e3-4f7a-9ef4-d889c338f9ed","ts":"2026-01-14T14:55:31.259+00:00","eventName":"n8n.node.started","message":"n8n.node.started","payload":{"workflowId":"0CCF2xh_5AWhp9wuB09Ci","workflowName":"Home Assistant Power Consumption Report","executionId":"471","nodeType":"n8n-nodes-base.code","nodeName":"Prepare Data for DB","nodeId":"2d539324-1090-45df-b5f7-50e2cca4e629"}}
{"__type":"$$EventMessageConfirm","confirm":"3062d40a-56e3-4f7a-9ef4-d889c338f9ed","ts":"2026-01-14T14:55:31.259+00:00","source":{"id":"0","name":"eventBus"}}
{"__type":"$$EventMessageRunner","id":"b84af05f-df65-4cf9-bae7-e28f45536d1b","ts":"2026-01-14T14:55:31.261+00:00","eventName":"n8n.runner.task.requested","message":"n8n.runner.task.requested","payload":{"taskId":"jyVAfjH_","nodeId":"2d539324-1090-45df-b5f7-50e2cca4e629","workflowId":"0CCF2xh_5AWhp9wuB09Ci","executionId":"471"}}
{"__type":"$$EventMessageConfirm","confirm":"b84af05f-df65-4cf9-bae7-e28f45536d1b","ts":"2026-01-14T14:55:31.261+00:00","source":{"id":"0","name":"eventBus"}}
{"__type":"$$EventMessageRunner","id":"e6f6c28a-73d9-4c55-8754-64103fdccfb6","ts":"2026-01-14T14:55:31.272+00:00","eventName":"n8n.runner.response.received","message":"n8n.runner.response.received","payload":{"taskId":"jyVAfjH_","nodeId":"2d539324-1090-45df-b5f7-50e2cca4e629","workflowId":"0CCF2xh_5AWhp9wuB09Ci","executionId":"471"}}
{"__type":"$$EventMessageConfirm","confirm":"e6f6c28a-73d9-4c55-8754-64103fdccfb6","ts":"2026-01-14T14:55:31.272+00:00","source":{"id":"0","name":"eventBus"}}
{"__type":"$$EventMessageNode","id":"a5342150-537b-49e1-830b-e6582bafda16","ts":"2026-01-14T14:55:31.272+00:00","eventName":"n8n.node.finished","message":"n8n.node.finished","payload":{"workflowId":"0CCF2xh_5AWhp9wuB09Ci","workflowName":"Home Assistant Power Consumption Report","executionId":"471","nodeType":"n8n-nodes-base.code","nodeName":"Prepare Data for DB","nodeId":"2d539324-1090-45df-b5f7-50e2cca4e629"}}
{"__type":"$$EventMessageConfirm","confirm":"a5342150-537b-49e1-830b-e6582bafda16","ts":"2026-01-14T14:55:31.272+00:00","source":{"id":"0","name":"eventBus"}}
{"__type":"$$EventMessageNode","id":"e911de6a-67ac-4b18-a9dd-fcda1e5d5099","ts":"2026-01-14T14:55:31.272+00:00","eventName":"n8n.node.started","message":"n8n.node.started","payload":{"workflowId":"0CCF2xh_5AWhp9wuB09Ci","workflowName":"Home Assistant Power Consumption Report","executionId":"471","nodeType":"n8n-nodes-base.postgres","nodeName":"Insert rows in a table","nodeId":"dfd59f07-58a4-4a67-8c65-6cefae2a6cf1"}}
{"__type":"$$EventMessageConfirm","confirm":"e911de6a-67ac-4b18-a9dd-fcda1e5d5099","ts":"2026-01-14T14:55:31.272+00:00","source":{"id":"0","name":"eventBus"}}
{"__type":"$$EventMessageNode","id":"51199798-90be-4735-a620-62a806443987","ts":"2026-01-14T14:55:36.339+00:00","eventName":"n8n.node.finished","message":"n8n.node.finished","payload":{"workflowId":"0CCF2xh_5AWhp9wuB09Ci","workflowName":"Home Assistant Power Consumption Report","executionId":"471","nodeType":"n8n-nodes-base.postgres","nodeName":"Insert rows in a table","nodeId":"dfd59f07-58a4-4a67-8c65-6cefae2a6cf1"}}
{"__type":"$$EventMessageConfirm","confirm":"51199798-90be-4735-a620-62a806443987","ts":"2026-01-14T14:55:36.339+00:00","source":{"id":"0","name":"eventBus"}}
{"__type":"$$EventMessageWorkflow","id":"04a8456c-f689-4a33-843c-d841ba529b97","ts":"2026-01-14T14:55:36.341+00:00","eventName":"n8n.workflow.failed","message":"n8n.workflow.failed","payload":{"executionId":"471","success":false,"isManual":false,"workflowId":"0CCF2xh_5AWhp9wuB09Ci","workflowName":"Home Assistant Power Consumption Report","lastNodeExecuted":"Insert rows in a table","errorMessage":"getaddrinfo EAI_AGAIN postgres"}}
{"__type":"$$EventMessageConfirm","confirm":"04a8456c-f689-4a33-843c-d841ba529b97","ts":"2026-01-14T14:55:36.341+00:00","source":{"id":"0","name":"eventBus"}}
{"__type":"$$EventMessageWorkflow","id":"eda7fdc9-1134-4072-8aa0-ae83e890d66e","ts":"2026-01-14T15:00:31.052+00:00","eventName":"n8n.workflow.started","message":"n8n.workflow.started","payload":{"executionId":"472","workflowId":"0CCF2xh_5AWhp9wuB09Ci","isManual":false,"workflowName":"Home Assistant Power Consumption Report"}}
{"__type":"$$EventMessageConfirm","confirm":"eda7fdc9-1134-4072-8aa0-ae83e890d66e","ts":"2026-01-14T15:00:31.052+00:00","source":{"id":"0","name":"eventBus"}}
{"__type":"$$EventMessageNode","id":"6426f86d-e0f6-4e61-bf41-258a1e597666","ts":"2026-01-14T15:00:31.052+00:00","eventName":"n8n.node.started","message":"n8n.node.started","payload":{"workflowId":"0CCF2xh_5AWhp9wuB09Ci","workflowName":"Home Assistant Power Consumption Report","executionId":"472","nodeType":"n8n-nodes-base.scheduleTrigger","nodeName":"Schedule Trigger","nodeId":"12019c4d-c5a1-429f-8edb-7082f649977b"}}
{"__type":"$$EventMessageConfirm","confirm":"6426f86d-e0f6-4e61-bf41-258a1e597666","ts":"2026-01-14T15:00:31.052+00:00","source":{"id":"0","name":"eventBus"}}
{"__type":"$$EventMessageNode","id":"965e3f00-6f7d-4df6-8884-d88f97898f39","ts":"2026-01-14T15:00:31.053+00:00","eventName":"n8n.node.finished","message":"n8n.node.finished","payload":{"workflowId":"0CCF2xh_5AWhp9wuB09Ci","workflowName":"Home Assistant Power Consumption Report","executionId":"472","nodeType":"n8n-nodes-base.scheduleTrigger","nodeName":"Schedule Trigger","nodeId":"12019c4d-c5a1-429f-8edb-7082f649977b"}}
{"__type":"$$EventMessageConfirm","confirm":"965e3f00-6f7d-4df6-8884-d88f97898f39","ts":"2026-01-14T15:00:31.053+00:00","source":{"id":"0","name":"eventBus"}}
{"__type":"$$EventMessageNode","id":"c0beec68-832c-41fb-a1e7-d608ae0b2f40","ts":"2026-01-14T15:00:31.053+00:00","eventName":"n8n.node.started","message":"n8n.node.started","payload":{"workflowId":"0CCF2xh_5AWhp9wuB09Ci","workflowName":"Home Assistant Power Consumption Report","executionId":"472","nodeType":"n8n-nodes-base.httpRequest","nodeName":"Get All HA States","nodeId":"016e9870-2fe2-415c-8018-f27afa2ff9cc"}}
{"__type":"$$EventMessageConfirm","confirm":"c0beec68-832c-41fb-a1e7-d608ae0b2f40","ts":"2026-01-14T15:00:31.053+00:00","source":{"id":"0","name":"eventBus"}}
{"__type":"$$EventMessageNode","id":"d04b7c85-d74c-4027-95a0-f66769777e1e","ts":"2026-01-14T15:00:31.073+00:00","eventName":"n8n.node.finished","message":"n8n.node.finished","payload":{"workflowId":"0CCF2xh_5AWhp9wuB09Ci","workflowName":"Home Assistant Power Consumption Report","executionId":"472","nodeType":"n8n-nodes-base.httpRequest","nodeName":"Get All HA States","nodeId":"016e9870-2fe2-415c-8018-f27afa2ff9cc"}}
{"__type":"$$EventMessageConfirm","confirm":"d04b7c85-d74c-4027-95a0-f66769777e1e","ts":"2026-01-14T15:00:31.073+00:00","source":{"id":"0","name":"eventBus"}}
{"__type":"$$EventMessageNode","id":"dba7c43f-e58b-417f-b759-df509217e33f","ts":"2026-01-14T15:00:31.074+00:00","eventName":"n8n.node.started","message":"n8n.node.started","payload":{"workflowId":"0CCF2xh_5AWhp9wuB09Ci","workflowName":"Home Assistant Power Consumption Report","executionId":"472","nodeType":"n8n-nodes-base.code","nodeName":"Filter Power Sensors","nodeId":"84d0f492-4782-41cf-b1e8-412c49a29a00"}}
{"__type":"$$EventMessageConfirm","confirm":"dba7c43f-e58b-417f-b759-df509217e33f","ts":"2026-01-14T15:00:31.074+00:00","source":{"id":"0","name":"eventBus"}}
{"__type":"$$EventMessageRunner","id":"90c7630b-bb3c-4da9-aa72-516005391cd8","ts":"2026-01-14T15:00:31.077+00:00","eventName":"n8n.runner.task.requested","message":"n8n.runner.task.requested","payload":{"taskId":"EwS0Jd7e","nodeId":"84d0f492-4782-41cf-b1e8-412c49a29a00","workflowId":"0CCF2xh_5AWhp9wuB09Ci","executionId":"472"}}
{"__type":"$$EventMessageConfirm","confirm":"90c7630b-bb3c-4da9-aa72-516005391cd8","ts":"2026-01-14T15:00:31.077+00:00","source":{"id":"0","name":"eventBus"}}
{"__type":"$$EventMessageRunner","id":"ea4d798e-3207-44c5-b14e-ffa3895c44e6","ts":"2026-01-14T15:00:31.099+00:00","eventName":"n8n.runner.response.received","message":"n8n.runner.response.received","payload":{"taskId":"EwS0Jd7e","nodeId":"84d0f492-4782-41cf-b1e8-412c49a29a00","workflowId":"0CCF2xh_5AWhp9wuB09Ci","executionId":"472"}}
{"__type":"$$EventMessageConfirm","confirm":"ea4d798e-3207-44c5-b14e-ffa3895c44e6","ts":"2026-01-14T15:00:31.100+00:00","source":{"id":"0","name":"eventBus"}}
{"__type":"$$EventMessageNode","id":"f9666ecc-b756-4157-bea7-71f40ab7ce79","ts":"2026-01-14T15:00:31.100+00:00","eventName":"n8n.node.finished","message":"n8n.node.finished","payload":{"workflowId":"0CCF2xh_5AWhp9wuB09Ci","workflowName":"Home Assistant Power Consumption Report","executionId":"472","nodeType":"n8n-nodes-base.code","nodeName":"Filter Power Sensors","nodeId":"84d0f492-4782-41cf-b1e8-412c49a29a00"}}
{"__type":"$$EventMessageConfirm","confirm":"f9666ecc-b756-4157-bea7-71f40ab7ce79","ts":"2026-01-14T15:00:31.100+00:00","source":{"id":"0","name":"eventBus"}}
{"__type":"$$EventMessageNode","id":"9a631aab-dbd8-4c17-bff0-4d08259f233e","ts":"2026-01-14T15:00:31.100+00:00","eventName":"n8n.node.started","message":"n8n.node.started","payload":{"workflowId":"0CCF2xh_5AWhp9wuB09Ci","workflowName":"Home Assistant Power Consumption Report","executionId":"472","nodeType":"n8n-nodes-base.code","nodeName":"Prepare Data for DB","nodeId":"2d539324-1090-45df-b5f7-50e2cca4e629"}}
{"__type":"$$EventMessageConfirm","confirm":"9a631aab-dbd8-4c17-bff0-4d08259f233e","ts":"2026-01-14T15:00:31.100+00:00","source":{"id":"0","name":"eventBus"}}
{"__type":"$$EventMessageRunner","id":"0bee6344-b80e-4c32-928f-15e6c9184234","ts":"2026-01-14T15:00:31.103+00:00","eventName":"n8n.runner.task.requested","message":"n8n.runner.task.requested","payload":{"taskId":"rJ6eGn18","nodeId":"2d539324-1090-45df-b5f7-50e2cca4e629","workflowId":"0CCF2xh_5AWhp9wuB09Ci","executionId":"472"}}
{"__type":"$$EventMessageConfirm","confirm":"0bee6344-b80e-4c32-928f-15e6c9184234","ts":"2026-01-14T15:00:31.103+00:00","source":{"id":"0","name":"eventBus"}}
{"__type":"$$EventMessageRunner","id":"d88f219c-cc9d-4675-beec-a04271fc7943","ts":"2026-01-14T15:00:31.110+00:00","eventName":"n8n.runner.response.received","message":"n8n.runner.response.received","payload":{"taskId":"rJ6eGn18","nodeId":"2d539324-1090-45df-b5f7-50e2cca4e629","workflowId":"0CCF2xh_5AWhp9wuB09Ci","executionId":"472"}}
{"__type":"$$EventMessageConfirm","confirm":"d88f219c-cc9d-4675-beec-a04271fc7943","ts":"2026-01-14T15:00:31.110+00:00","source":{"id":"0","name":"eventBus"}}
{"__type":"$$EventMessageNode","id":"06209f47-2dc4-45a0-ab52-c3414c95000d","ts":"2026-01-14T15:00:31.111+00:00","eventName":"n8n.node.finished","message":"n8n.node.finished","payload":{"workflowId":"0CCF2xh_5AWhp9wuB09Ci","workflowName":"Home Assistant Power Consumption Report","executionId":"472","nodeType":"n8n-nodes-base.code","nodeName":"Prepare Data for DB","nodeId":"2d539324-1090-45df-b5f7-50e2cca4e629"}}
{"__type":"$$EventMessageConfirm","confirm":"06209f47-2dc4-45a0-ab52-c3414c95000d","ts":"2026-01-14T15:00:31.111+00:00","source":{"id":"0","name":"eventBus"}}
{"__type":"$$EventMessageNode","id":"a176d5cd-d659-43c0-bddc-87e44ef1f2aa","ts":"2026-01-14T15:00:31.111+00:00","eventName":"n8n.node.started","message":"n8n.node.started","payload":{"workflowId":"0CCF2xh_5AWhp9wuB09Ci","workflowName":"Home Assistant Power Consumption Report","executionId":"472","nodeType":"n8n-nodes-base.postgres","nodeName":"Insert rows in a table","nodeId":"dfd59f07-58a4-4a67-8c65-6cefae2a6cf1"}}
{"__type":"$$EventMessageConfirm","confirm":"a176d5cd-d659-43c0-bddc-87e44ef1f2aa","ts":"2026-01-14T15:00:31.111+00:00","source":{"id":"0","name":"eventBus"}}
{"__type":"$$EventMessageNode","id":"92dea4a2-4488-4a15-b42d-786471b33520","ts":"2026-01-14T15:00:36.124+00:00","eventName":"n8n.node.finished","message":"n8n.node.finished","payload":{"workflowId":"0CCF2xh_5AWhp9wuB09Ci","workflowName":"Home Assistant Power Consumption Report","executionId":"472","nodeType":"n8n-nodes-base.postgres","nodeName":"Insert rows in a table","nodeId":"dfd59f07-58a4-4a67-8c65-6cefae2a6cf1"}}
{"__type":"$$EventMessageConfirm","confirm":"92dea4a2-4488-4a15-b42d-786471b33520","ts":"2026-01-14T15:00:36.124+00:00","source":{"id":"0","name":"eventBus"}}
{"__type":"$$EventMessageWorkflow","id":"e06ccf88-d10f-4b57-96f5-124b060246c2","ts":"2026-01-14T15:00:36.125+00:00","eventName":"n8n.workflow.failed","message":"n8n.workflow.failed","payload":{"executionId":"472","success":false,"isManual":false,"workflowId":"0CCF2xh_5AWhp9wuB09Ci","workflowName":"Home Assistant Power Consumption Report","lastNodeExecuted":"Insert rows in a table","errorMessage":"getaddrinfo EAI_AGAIN postgres"}}
{"__type":"$$EventMessageConfirm","confirm":"e06ccf88-d10f-4b57-96f5-124b060246c2","ts":"2026-01-14T15:00:36.125+00:00","source":{"id":"0","name":"eventBus"}}
{"__type":"$$EventMessageWorkflow","id":"45ce4e89-6ea3-4247-a90a-f9eac3009a64","ts":"2026-01-14T15:05:31.048+00:00","eventName":"n8n.workflow.started","message":"n8n.workflow.started","payload":{"executionId":"473","workflowId":"0CCF2xh_5AWhp9wuB09Ci","isManual":false,"workflowName":"Home Assistant Power Consumption Report"}}
{"__type":"$$EventMessageConfirm","confirm":"45ce4e89-6ea3-4247-a90a-f9eac3009a64","ts":"2026-01-14T15:05:31.048+00:00","source":{"id":"0","name":"eventBus"}}
{"__type":"$$EventMessageNode","id":"520c46db-fab5-4c8b-9249-0e48a5cbb3dd","ts":"2026-01-14T15:05:31.049+00:00","eventName":"n8n.node.started","message":"n8n.node.started","payload":{"workflowId":"0CCF2xh_5AWhp9wuB09Ci","workflowName":"Home Assistant Power Consumption Report","executionId":"473","nodeType":"n8n-nodes-base.scheduleTrigger","nodeName":"Schedule Trigger","nodeId":"12019c4d-c5a1-429f-8edb-7082f649977b"}}
{"__type":"$$EventMessageConfirm","confirm":"520c46db-fab5-4c8b-9249-0e48a5cbb3dd","ts":"2026-01-14T15:05:31.049+00:00","source":{"id":"0","name":"eventBus"}}
{"__type":"$$EventMessageNode","id":"a38f960a-44b9-45a0-8b53-089e7a5c70d9","ts":"2026-01-14T15:05:31.049+00:00","eventName":"n8n.node.finished","message":"n8n.node.finished","payload":{"workflowId":"0CCF2xh_5AWhp9wuB09Ci","workflowName":"Home Assistant Power Consumption Report","executionId":"473","nodeType":"n8n-nodes-base.scheduleTrigger","nodeName":"Schedule Trigger","nodeId":"12019c4d-c5a1-429f-8edb-7082f649977b"}}
{"__type":"$$EventMessageConfirm","confirm":"a38f960a-44b9-45a0-8b53-089e7a5c70d9","ts":"2026-01-14T15:05:31.049+00:00","source":{"id":"0","name":"eventBus"}}
{"__type":"$$EventMessageNode","id":"cd6f2174-d434-48e0-b0e8-4bf36ac4a673","ts":"2026-01-14T15:05:31.049+00:00","eventName":"n8n.node.started","message":"n8n.node.started","payload":{"workflowId":"0CCF2xh_5AWhp9wuB09Ci","workflowName":"Home Assistant Power Consumption Report","executionId":"473","nodeType":"n8n-nodes-base.httpRequest","nodeName":"Get All HA States","nodeId":"016e9870-2fe2-415c-8018-f27afa2ff9cc"}}
{"__type":"$$EventMessageConfirm","confirm":"cd6f2174-d434-48e0-b0e8-4bf36ac4a673","ts":"2026-01-14T15:05:31.049+00:00","source":{"id":"0","name":"eventBus"}}
{"__type":"$$EventMessageNode","id":"fb0f4293-d5b7-4f67-b097-f133add4ffa2","ts":"2026-01-14T15:05:31.076+00:00","eventName":"n8n.node.finished","message":"n8n.node.finished","payload":{"workflowId":"0CCF2xh_5AWhp9wuB09Ci","workflowName":"Home Assistant Power Consumption Report","executionId":"473","nodeType":"n8n-nodes-base.httpRequest","nodeName":"Get All HA States","nodeId":"016e9870-2fe2-415c-8018-f27afa2ff9cc"}}
{"__type":"$$EventMessageConfirm","confirm":"fb0f4293-d5b7-4f67-b097-f133add4ffa2","ts":"2026-01-14T15:05:31.076+00:00","source":{"id":"0","name":"eventBus"}}
{"__type":"$$EventMessageNode","id":"342c24b8-7099-463c-9e8f-e6291c26c49d","ts":"2026-01-14T15:05:31.077+00:00","eventName":"n8n.node.started","message":"n8n.node.started","payload":{"workflowId":"0CCF2xh_5AWhp9wuB09Ci","workflowName":"Home Assistant Power Consumption Report","executionId":"473","nodeType":"n8n-nodes-base.code","nodeName":"Filter Power Sensors","nodeId":"84d0f492-4782-41cf-b1e8-412c49a29a00"}}
{"__type":"$$EventMessageConfirm","confirm":"342c24b8-7099-463c-9e8f-e6291c26c49d","ts":"2026-01-14T15:05:31.077+00:00","source":{"id":"0","name":"eventBus"}}
{"__type":"$$EventMessageRunner","id":"af899256-9ba8-4b00-bb37-bdccee7ebe8a","ts":"2026-01-14T15:05:31.079+00:00","eventName":"n8n.runner.task.requested","message":"n8n.runner.task.requested","payload":{"taskId":"onTKwPZX","nodeId":"84d0f492-4782-41cf-b1e8-412c49a29a00","workflowId":"0CCF2xh_5AWhp9wuB09Ci","executionId":"473"}}
{"__type":"$$EventMessageConfirm","confirm":"af899256-9ba8-4b00-bb37-bdccee7ebe8a","ts":"2026-01-14T15:05:31.079+00:00","source":{"id":"0","name":"eventBus"}}
{"__type":"$$EventMessageRunner","id":"34c44958-97df-47cf-b441-4de0cecc36ae","ts":"2026-01-14T15:05:31.123+00:00","eventName":"n8n.runner.response.received","message":"n8n.runner.response.received","payload":{"taskId":"onTKwPZX","nodeId":"84d0f492-4782-41cf-b1e8-412c49a29a00","workflowId":"0CCF2xh_5AWhp9wuB09Ci","executionId":"473"}}
{"__type":"$$EventMessageConfirm","confirm":"34c44958-97df-47cf-b441-4de0cecc36ae","ts":"2026-01-14T15:05:31.123+00:00","source":{"id":"0","name":"eventBus"}}
{"__type":"$$EventMessageNode","id":"2ee5e964-b72a-45d1-a8f0-316ecf50ae88","ts":"2026-01-14T15:05:31.124+00:00","eventName":"n8n.node.finished","message":"n8n.node.finished","payload":{"workflowId":"0CCF2xh_5AWhp9wuB09Ci","workflowName":"Home Assistant Power Consumption Report","executionId":"473","nodeType":"n8n-nodes-base.code","nodeName":"Filter Power Sensors","nodeId":"84d0f492-4782-41cf-b1e8-412c49a29a00"}}
{"__type":"$$EventMessageConfirm","confirm":"2ee5e964-b72a-45d1-a8f0-316ecf50ae88","ts":"2026-01-14T15:05:31.124+00:00","source":{"id":"0","name":"eventBus"}}
{"__type":"$$EventMessageNode","id":"92b2f7b5-e9b0-4424-afb5-a143d0aa3382","ts":"2026-01-14T15:05:31.124+00:00","eventName":"n8n.node.started","message":"n8n.node.started","payload":{"workflowId":"0CCF2xh_5AWhp9wuB09Ci","workflowName":"Home Assistant Power Consumption Report","executionId":"473","nodeType":"n8n-nodes-base.code","nodeName":"Prepare Data for DB","nodeId":"2d539324-1090-45df-b5f7-50e2cca4e629"}}
{"__type":"$$EventMessageConfirm","confirm":"92b2f7b5-e9b0-4424-afb5-a143d0aa3382","ts":"2026-01-14T15:05:31.124+00:00","source":{"id":"0","name":"eventBus"}}
{"__type":"$$EventMessageRunner","id":"0a40cf4f-0b1e-463a-a925-2e034d88a618","ts":"2026-01-14T15:05:31.128+00:00","eventName":"n8n.runner.task.requested","message":"n8n.runner.task.requested","payload":{"taskId":"RZpaMGyd","nodeId":"2d539324-1090-45df-b5f7-50e2cca4e629","workflowId":"0CCF2xh_5AWhp9wuB09Ci","executionId":"473"}}
{"__type":"$$EventMessageConfirm","confirm":"0a40cf4f-0b1e-463a-a925-2e034d88a618","ts":"2026-01-14T15:05:31.128+00:00","source":{"id":"0","name":"eventBus"}}
{"__type":"$$EventMessageRunner","id":"56e2e01b-8b23-48df-85b1-419faeeb2b40","ts":"2026-01-14T15:05:31.143+00:00","eventName":"n8n.runner.response.received","message":"n8n.runner.response.received","payload":{"taskId":"RZpaMGyd","nodeId":"2d539324-1090-45df-b5f7-50e2cca4e629","workflowId":"0CCF2xh_5AWhp9wuB09Ci","executionId":"473"}}
{"__type":"$$EventMessageConfirm","confirm":"56e2e01b-8b23-48df-85b1-419faeeb2b40","ts":"2026-01-14T15:05:31.143+00:00","source":{"id":"0","name":"eventBus"}}
{"__type":"$$EventMessageNode","id":"6d37db7a-2e59-4cb3-a673-949dd9ff0258","ts":"2026-01-14T15:05:31.143+00:00","eventName":"n8n.node.finished","message":"n8n.node.finished","payload":{"workflowId":"0CCF2xh_5AWhp9wuB09Ci","workflowName":"Home Assistant Power Consumption Report","executionId":"473","nodeType":"n8n-nodes-base.code","nodeName":"Prepare Data for DB","nodeId":"2d539324-1090-45df-b5f7-50e2cca4e629"}}
{"__type":"$$EventMessageConfirm","confirm":"6d37db7a-2e59-4cb3-a673-949dd9ff0258","ts":"2026-01-14T15:05:31.143+00:00","source":{"id":"0","name":"eventBus"}}
{"__type":"$$EventMessageNode","id":"bf9c9e72-d59e-4831-886b-ac89da1247cb","ts":"2026-01-14T15:05:31.144+00:00","eventName":"n8n.node.started","message":"n8n.node.started","payload":{"workflowId":"0CCF2xh_5AWhp9wuB09Ci","workflowName":"Home Assistant Power Consumption Report","executionId":"473","nodeType":"n8n-nodes-base.postgres","nodeName":"Insert rows in a table","nodeId":"dfd59f07-58a4-4a67-8c65-6cefae2a6cf1"}}
{"__type":"$$EventMessageConfirm","confirm":"bf9c9e72-d59e-4831-886b-ac89da1247cb","ts":"2026-01-14T15:05:31.144+00:00","source":{"id":"0","name":"eventBus"}}
{"__type":"$$EventMessageNode","id":"ff110c22-fe0a-4611-ba2c-964dbabd9d4c","ts":"2026-01-14T15:05:36.159+00:00","eventName":"n8n.node.finished","message":"n8n.node.finished","payload":{"workflowId":"0CCF2xh_5AWhp9wuB09Ci","workflowName":"Home Assistant Power Consumption Report","executionId":"473","nodeType":"n8n-nodes-base.postgres","nodeName":"Insert rows in a table","nodeId":"dfd59f07-58a4-4a67-8c65-6cefae2a6cf1"}}
{"__type":"$$EventMessageConfirm","confirm":"ff110c22-fe0a-4611-ba2c-964dbabd9d4c","ts":"2026-01-14T15:05:36.159+00:00","source":{"id":"0","name":"eventBus"}}
{"__type":"$$EventMessageWorkflow","id":"3fa0931f-0bc9-4ac9-9d1d-67d446405061","ts":"2026-01-14T15:05:36.159+00:00","eventName":"n8n.workflow.failed","message":"n8n.workflow.failed","payload":{"executionId":"473","success":false,"isManual":false,"workflowId":"0CCF2xh_5AWhp9wuB09Ci","workflowName":"Home Assistant Power Consumption Report","lastNodeExecuted":"Insert rows in a table","errorMessage":"getaddrinfo EAI_AGAIN postgres"}}
{"__type":"$$EventMessageConfirm","confirm":"3fa0931f-0bc9-4ac9-9d1d-67d446405061","ts":"2026-01-14T15:05:36.159+00:00","source":{"id":"0","name":"eventBus"}}
{"__type":"$$EventMessageWorkflow","id":"5cb45129-119e-4c9e-b870-786b8306ff68","ts":"2026-01-14T15:10:31.051+00:00","eventName":"n8n.workflow.started","message":"n8n.workflow.started","payload":{"executionId":"474","workflowId":"0CCF2xh_5AWhp9wuB09Ci","isManual":false,"workflowName":"Home Assistant Power Consumption Report"}}
{"__type":"$$EventMessageConfirm","confirm":"5cb45129-119e-4c9e-b870-786b8306ff68","ts":"2026-01-14T15:10:31.052+00:00","source":{"id":"0","name":"eventBus"}}
{"__type":"$$EventMessageNode","id":"3f1d51c5-0461-4593-9799-4d71f3fbdcfb","ts":"2026-01-14T15:10:31.052+00:00","eventName":"n8n.node.started","message":"n8n.node.started","payload":{"workflowId":"0CCF2xh_5AWhp9wuB09Ci","workflowName":"Home Assistant Power Consumption Report","executionId":"474","nodeType":"n8n-nodes-base.scheduleTrigger","nodeName":"Schedule Trigger","nodeId":"12019c4d-c5a1-429f-8edb-7082f649977b"}}
{"__type":"$$EventMessageConfirm","confirm":"3f1d51c5-0461-4593-9799-4d71f3fbdcfb","ts":"2026-01-14T15:10:31.052+00:00","source":{"id":"0","name":"eventBus"}}
{"__type":"$$EventMessageNode","id":"a4cdc2aa-eee6-43e9-a1ae-41836749f91d","ts":"2026-01-14T15:10:31.052+00:00","eventName":"n8n.node.finished","message":"n8n.node.finished","payload":{"workflowId":"0CCF2xh_5AWhp9wuB09Ci","workflowName":"Home Assistant Power Consumption Report","executionId":"474","nodeType":"n8n-nodes-base.scheduleTrigger","nodeName":"Schedule Trigger","nodeId":"12019c4d-c5a1-429f-8edb-7082f649977b"}}
{"__type":"$$EventMessageConfirm","confirm":"a4cdc2aa-eee6-43e9-a1ae-41836749f91d","ts":"2026-01-14T15:10:31.052+00:00","source":{"id":"0","name":"eventBus"}}
{"__type":"$$EventMessageNode","id":"fe1ce7a1-b0ef-4087-bf5f-818497e81741","ts":"2026-01-14T15:10:31.052+00:00","eventName":"n8n.node.started","message":"n8n.node.started","payload":{"workflowId":"0CCF2xh_5AWhp9wuB09Ci","workflowName":"Home Assistant Power Consumption Report","executionId":"474","nodeType":"n8n-nodes-base.httpRequest","nodeName":"Get All HA States","nodeId":"016e9870-2fe2-415c-8018-f27afa2ff9cc"}}
{"__type":"$$EventMessageConfirm","confirm":"fe1ce7a1-b0ef-4087-bf5f-818497e81741","ts":"2026-01-14T15:10:31.052+00:00","source":{"id":"0","name":"eventBus"}}
{"__type":"$$EventMessageNode","id":"b739ebf0-91b1-41f6-b82c-0e37eee91b15","ts":"2026-01-14T15:10:31.076+00:00","eventName":"n8n.node.finished","message":"n8n.node.finished","payload":{"workflowId":"0CCF2xh_5AWhp9wuB09Ci","workflowName":"Home Assistant Power Consumption Report","executionId":"474","nodeType":"n8n-nodes-base.httpRequest","nodeName":"Get All HA States","nodeId":"016e9870-2fe2-415c-8018-f27afa2ff9cc"}}
{"__type":"$$EventMessageConfirm","confirm":"b739ebf0-91b1-41f6-b82c-0e37eee91b15","ts":"2026-01-14T15:10:31.076+00:00","source":{"id":"0","name":"eventBus"}}
{"__type":"$$EventMessageNode","id":"d329ef9d-a529-4ccb-a680-98c052c3c854","ts":"2026-01-14T15:10:31.076+00:00","eventName":"n8n.node.started","message":"n8n.node.started","payload":{"workflowId":"0CCF2xh_5AWhp9wuB09Ci","workflowName":"Home Assistant Power Consumption Report","executionId":"474","nodeType":"n8n-nodes-base.code","nodeName":"Filter Power Sensors","nodeId":"84d0f492-4782-41cf-b1e8-412c49a29a00"}}
{"__type":"$$EventMessageConfirm","confirm":"d329ef9d-a529-4ccb-a680-98c052c3c854","ts":"2026-01-14T15:10:31.076+00:00","source":{"id":"0","name":"eventBus"}}
{"__type":"$$EventMessageRunner","id":"f5652770-1d06-4ebd-8433-93bb7d9067f2","ts":"2026-01-14T15:10:31.079+00:00","eventName":"n8n.runner.task.requested","message":"n8n.runner.task.requested","payload":{"taskId":"ZAGht6zN","nodeId":"84d0f492-4782-41cf-b1e8-412c49a29a00","workflowId":"0CCF2xh_5AWhp9wuB09Ci","executionId":"474"}}
{"__type":"$$EventMessageConfirm","confirm":"f5652770-1d06-4ebd-8433-93bb7d9067f2","ts":"2026-01-14T15:10:31.079+00:00","source":{"id":"0","name":"eventBus"}}
{"__type":"$$EventMessageRunner","id":"b22b894e-ff33-4266-867e-f759465b279a","ts":"2026-01-14T15:10:31.105+00:00","eventName":"n8n.runner.response.received","message":"n8n.runner.response.received","payload":{"taskId":"ZAGht6zN","nodeId":"84d0f492-4782-41cf-b1e8-412c49a29a00","workflowId":"0CCF2xh_5AWhp9wuB09Ci","executionId":"474"}}
{"__type":"$$EventMessageConfirm","confirm":"b22b894e-ff33-4266-867e-f759465b279a","ts":"2026-01-14T15:10:31.106+00:00","source":{"id":"0","name":"eventBus"}}
{"__type":"$$EventMessageNode","id":"b951d645-294a-4ef8-92c3-9ab51658810b","ts":"2026-01-14T15:10:31.106+00:00","eventName":"n8n.node.finished","message":"n8n.node.finished","payload":{"workflowId":"0CCF2xh_5AWhp9wuB09Ci","workflowName":"Home Assistant Power Consumption Report","executionId":"474","nodeType":"n8n-nodes-base.code","nodeName":"Filter Power Sensors","nodeId":"84d0f492-4782-41cf-b1e8-412c49a29a00"}}
{"__type":"$$EventMessageConfirm","confirm":"b951d645-294a-4ef8-92c3-9ab51658810b","ts":"2026-01-14T15:10:31.106+00:00","source":{"id":"0","name":"eventBus"}}
{"__type":"$$EventMessageNode","id":"66005a3e-3544-4e64-ba2d-4ac7ab80e998","ts":"2026-01-14T15:10:31.106+00:00","eventName":"n8n.node.started","message":"n8n.node.started","payload":{"workflowId":"0CCF2xh_5AWhp9wuB09Ci","workflowName":"Home Assistant Power Consumption Report","executionId":"474","nodeType":"n8n-nodes-base.code","nodeName":"Prepare Data for DB","nodeId":"2d539324-1090-45df-b5f7-50e2cca4e629"}}
{"__type":"$$EventMessageConfirm","confirm":"66005a3e-3544-4e64-ba2d-4ac7ab80e998","ts":"2026-01-14T15:10:31.106+00:00","source":{"id":"0","name":"eventBus"}}
{"__type":"$$EventMessageRunner","id":"19619055-d31a-45b5-a1ef-a6854de8717e","ts":"2026-01-14T15:10:31.110+00:00","eventName":"n8n.runner.task.requested","message":"n8n.runner.task.requested","payload":{"taskId":"fM1RSFU_","nodeId":"2d539324-1090-45df-b5f7-50e2cca4e629","workflowId":"0CCF2xh_5AWhp9wuB09Ci","executionId":"474"}}
{"__type":"$$EventMessageConfirm","confirm":"19619055-d31a-45b5-a1ef-a6854de8717e","ts":"2026-01-14T15:10:31.110+00:00","source":{"id":"0","name":"eventBus"}}
{"__type":"$$EventMessageRunner","id":"98824eb2-95d8-4267-a482-9199e0aed0bf","ts":"2026-01-14T15:10:31.118+00:00","eventName":"n8n.runner.response.received","message":"n8n.runner.response.received","payload":{"taskId":"fM1RSFU_","nodeId":"2d539324-1090-45df-b5f7-50e2cca4e629","workflowId":"0CCF2xh_5AWhp9wuB09Ci","executionId":"474"}}
{"__type":"$$EventMessageConfirm","confirm":"98824eb2-95d8-4267-a482-9199e0aed0bf","ts":"2026-01-14T15:10:31.118+00:00","source":{"id":"0","name":"eventBus"}}
{"__type":"$$EventMessageNode","id":"3dec3488-49c0-4c0b-93ca-55adb2a70ae7","ts":"2026-01-14T15:10:31.118+00:00","eventName":"n8n.node.finished","message":"n8n.node.finished","payload":{"workflowId":"0CCF2xh_5AWhp9wuB09Ci","workflowName":"Home Assistant Power Consumption Report","executionId":"474","nodeType":"n8n-nodes-base.code","nodeName":"Prepare Data for DB","nodeId":"2d539324-1090-45df-b5f7-50e2cca4e629"}}
{"__type":"$$EventMessageConfirm","confirm":"3dec3488-49c0-4c0b-93ca-55adb2a70ae7","ts":"2026-01-14T15:10:31.118+00:00","source":{"id":"0","name":"eventBus"}}
{"__type":"$$EventMessageNode","id":"5c8437d0-d961-4468-ae69-4de75bb70c27","ts":"2026-01-14T15:10:31.118+00:00","eventName":"n8n.node.started","message":"n8n.node.started","payload":{"workflowId":"0CCF2xh_5AWhp9wuB09Ci","workflowName":"Home Assistant Power Consumption Report","executionId":"474","nodeType":"n8n-nodes-base.postgres","nodeName":"Insert rows in a table","nodeId":"dfd59f07-58a4-4a67-8c65-6cefae2a6cf1"}}
{"__type":"$$EventMessageConfirm","confirm":"5c8437d0-d961-4468-ae69-4de75bb70c27","ts":"2026-01-14T15:10:31.118+00:00","source":{"id":"0","name":"eventBus"}}
{"__type":"$$EventMessageNode","id":"b9fc3cdc-402e-4084-9aa7-3c46a2d91935","ts":"2026-01-14T15:10:36.132+00:00","eventName":"n8n.node.finished","message":"n8n.node.finished","payload":{"workflowId":"0CCF2xh_5AWhp9wuB09Ci","workflowName":"Home Assistant Power Consumption Report","executionId":"474","nodeType":"n8n-nodes-base.postgres","nodeName":"Insert rows in a table","nodeId":"dfd59f07-58a4-4a67-8c65-6cefae2a6cf1"}}
{"__type":"$$EventMessageConfirm","confirm":"b9fc3cdc-402e-4084-9aa7-3c46a2d91935","ts":"2026-01-14T15:10:36.132+00:00","source":{"id":"0","name":"eventBus"}}
{"__type":"$$EventMessageWorkflow","id":"6e54482e-2342-4931-85c0-6d3031ab0677","ts":"2026-01-14T15:10:36.132+00:00","eventName":"n8n.workflow.failed","message":"n8n.workflow.failed","payload":{"executionId":"474","success":false,"isManual":false,"workflowId":"0CCF2xh_5AWhp9wuB09Ci","workflowName":"Home Assistant Power Consumption Report","lastNodeExecuted":"Insert rows in a table","errorMessage":"getaddrinfo EAI_AGAIN postgres"}}
{"__type":"$$EventMessageConfirm","confirm":"6e54482e-2342-4931-85c0-6d3031ab0677","ts":"2026-01-14T15:10:36.132+00:00","source":{"id":"0","name":"eventBus"}}
{"__type":"$$EventMessageWorkflow","id":"84493ef0-4eff-4e82-837a-86e81eb47637","ts":"2026-01-14T15:15:31.050+00:00","eventName":"n8n.workflow.started","message":"n8n.workflow.started","payload":{"executionId":"475","workflowId":"0CCF2xh_5AWhp9wuB09Ci","isManual":false,"workflowName":"Home Assistant Power Consumption Report"}}
{"__type":"$$EventMessageConfirm","confirm":"84493ef0-4eff-4e82-837a-86e81eb47637","ts":"2026-01-14T15:15:31.050+00:00","source":{"id":"0","name":"eventBus"}}
{"__type":"$$EventMessageNode","id":"17af8a34-50db-47af-8eb2-823311af5622","ts":"2026-01-14T15:15:31.050+00:00","eventName":"n8n.node.started","message":"n8n.node.started","payload":{"workflowId":"0CCF2xh_5AWhp9wuB09Ci","workflowName":"Home Assistant Power Consumption Report","executionId":"475","nodeType":"n8n-nodes-base.scheduleTrigger","nodeName":"Schedule Trigger","nodeId":"12019c4d-c5a1-429f-8edb-7082f649977b"}}
{"__type":"$$EventMessageConfirm","confirm":"17af8a34-50db-47af-8eb2-823311af5622","ts":"2026-01-14T15:15:31.050+00:00","source":{"id":"0","name":"eventBus"}}
{"__type":"$$EventMessageNode","id":"524ad05c-e670-422b-82a7-294f5505e30c","ts":"2026-01-14T15:15:31.050+00:00","eventName":"n8n.node.finished","message":"n8n.node.finished","payload":{"workflowId":"0CCF2xh_5AWhp9wuB09Ci","workflowName":"Home Assistant Power Consumption Report","executionId":"475","nodeType":"n8n-nodes-base.scheduleTrigger","nodeName":"Schedule Trigger","nodeId":"12019c4d-c5a1-429f-8edb-7082f649977b"}}
{"__type":"$$EventMessageConfirm","confirm":"524ad05c-e670-422b-82a7-294f5505e30c","ts":"2026-01-14T15:15:31.050+00:00","source":{"id":"0","name":"eventBus"}}
{"__type":"$$EventMessageNode","id":"224ed9d0-f1ec-403b-a1b1-f0ae2a1d6f7f","ts":"2026-01-14T15:15:31.050+00:00","eventName":"n8n.node.started","message":"n8n.node.started","payload":{"workflowId":"0CCF2xh_5AWhp9wuB09Ci","workflowName":"Home Assistant Power Consumption Report","executionId":"475","nodeType":"n8n-nodes-base.httpRequest","nodeName":"Get All HA States","nodeId":"016e9870-2fe2-415c-8018-f27afa2ff9cc"}}
{"__type":"$$EventMessageConfirm","confirm":"224ed9d0-f1ec-403b-a1b1-f0ae2a1d6f7f","ts":"2026-01-14T15:15:31.050+00:00","source":{"id":"0","name":"eventBus"}}
{"__type":"$$EventMessageNode","id":"5c11ec5a-f4fd-4948-85f3-68700749b50e","ts":"2026-01-14T15:15:31.073+00:00","eventName":"n8n.node.finished","message":"n8n.node.finished","payload":{"workflowId":"0CCF2xh_5AWhp9wuB09Ci","workflowName":"Home Assistant Power Consumption Report","executionId":"475","nodeType":"n8n-nodes-base.httpRequest","nodeName":"Get All HA States","nodeId":"016e9870-2fe2-415c-8018-f27afa2ff9cc"}}
{"__type":"$$EventMessageConfirm","confirm":"5c11ec5a-f4fd-4948-85f3-68700749b50e","ts":"2026-01-14T15:15:31.074+00:00","source":{"id":"0","name":"eventBus"}}
{"__type":"$$EventMessageNode","id":"b45f58c9-dab3-4a5a-94d2-9c81404fde2a","ts":"2026-01-14T15:15:31.074+00:00","eventName":"n8n.node.started","message":"n8n.node.started","payload":{"workflowId":"0CCF2xh_5AWhp9wuB09Ci","workflowName":"Home Assistant Power Consumption Report","executionId":"475","nodeType":"n8n-nodes-base.code","nodeName":"Filter Power Sensors","nodeId":"84d0f492-4782-41cf-b1e8-412c49a29a00"}}
{"__type":"$$EventMessageConfirm","confirm":"b45f58c9-dab3-4a5a-94d2-9c81404fde2a","ts":"2026-01-14T15:15:31.074+00:00","source":{"id":"0","name":"eventBus"}}
{"__type":"$$EventMessageRunner","id":"09696cea-55e9-4a9f-a47e-bdbc43305534","ts":"2026-01-14T15:15:31.076+00:00","eventName":"n8n.runner.task.requested","message":"n8n.runner.task.requested","payload":{"taskId":"ahW9TuxU","nodeId":"84d0f492-4782-41cf-b1e8-412c49a29a00","workflowId":"0CCF2xh_5AWhp9wuB09Ci","executionId":"475"}}
{"__type":"$$EventMessageConfirm","confirm":"09696cea-55e9-4a9f-a47e-bdbc43305534","ts":"2026-01-14T15:15:31.076+00:00","source":{"id":"0","name":"eventBus"}}
{"__type":"$$EventMessageRunner","id":"adc0fba5-ace8-49aa-9a9e-e9c8e450ae42","ts":"2026-01-14T15:15:31.129+00:00","eventName":"n8n.runner.response.received","message":"n8n.runner.response.received","payload":{"taskId":"ahW9TuxU","nodeId":"84d0f492-4782-41cf-b1e8-412c49a29a00","workflowId":"0CCF2xh_5AWhp9wuB09Ci","executionId":"475"}}
{"__type":"$$EventMessageConfirm","confirm":"adc0fba5-ace8-49aa-9a9e-e9c8e450ae42","ts":"2026-01-14T15:15:31.129+00:00","source":{"id":"0","name":"eventBus"}}
{"__type":"$$EventMessageNode","id":"57d4b7ec-ed31-48de-a4c8-453508124736","ts":"2026-01-14T15:15:31.129+00:00","eventName":"n8n.node.finished","message":"n8n.node.finished","payload":{"workflowId":"0CCF2xh_5AWhp9wuB09Ci","workflowName":"Home Assistant Power Consumption Report","executionId":"475","nodeType":"n8n-nodes-base.code","nodeName":"Filter Power Sensors","nodeId":"84d0f492-4782-41cf-b1e8-412c49a29a00"}}
{"__type":"$$EventMessageConfirm","confirm":"57d4b7ec-ed31-48de-a4c8-453508124736","ts":"2026-01-14T15:15:31.130+00:00","source":{"id":"0","name":"eventBus"}}
{"__type":"$$EventMessageNode","id":"9e235b76-b76a-4e5e-a026-0f0604d038a6","ts":"2026-01-14T15:15:31.130+00:00","eventName":"n8n.node.started","message":"n8n.node.started","payload":{"workflowId":"0CCF2xh_5AWhp9wuB09Ci","workflowName":"Home Assistant Power Consumption Report","executionId":"475","nodeType":"n8n-nodes-base.code","nodeName":"Prepare Data for DB","nodeId":"2d539324-1090-45df-b5f7-50e2cca4e629"}}
{"__type":"$$EventMessageConfirm","confirm":"9e235b76-b76a-4e5e-a026-0f0604d038a6","ts":"2026-01-14T15:15:31.130+00:00","source":{"id":"0","name":"eventBus"}}
{"__type":"$$EventMessageRunner","id":"fd3119e4-0a2f-4869-babe-1c1424aab56a","ts":"2026-01-14T15:15:31.135+00:00","eventName":"n8n.runner.task.requested","message":"n8n.runner.task.requested","payload":{"taskId":"3kTWQSv7","nodeId":"2d539324-1090-45df-b5f7-50e2cca4e629","workflowId":"0CCF2xh_5AWhp9wuB09Ci","executionId":"475"}}
{"__type":"$$EventMessageConfirm","confirm":"fd3119e4-0a2f-4869-babe-1c1424aab56a","ts":"2026-01-14T15:15:31.135+00:00","source":{"id":"0","name":"eventBus"}}
{"__type":"$$EventMessageRunner","id":"e29ff923-f790-444b-b5ff-8e7be529b5ae","ts":"2026-01-14T15:15:31.142+00:00","eventName":"n8n.runner.response.received","message":"n8n.runner.response.received","payload":{"taskId":"3kTWQSv7","nodeId":"2d539324-1090-45df-b5f7-50e2cca4e629","workflowId":"0CCF2xh_5AWhp9wuB09Ci","executionId":"475"}}
{"__type":"$$EventMessageConfirm","confirm":"e29ff923-f790-444b-b5ff-8e7be529b5ae","ts":"2026-01-14T15:15:31.142+00:00","source":{"id":"0","name":"eventBus"}}
{"__type":"$$EventMessageNode","id":"13cd115e-c660-413c-862a-29307f6de84e","ts":"2026-01-14T15:15:31.142+00:00","eventName":"n8n.node.finished","message":"n8n.node.finished","payload":{"workflowId":"0CCF2xh_5AWhp9wuB09Ci","workflowName":"Home Assistant Power Consumption Report","executionId":"475","nodeType":"n8n-nodes-base.code","nodeName":"Prepare Data for DB","nodeId":"2d539324-1090-45df-b5f7-50e2cca4e629"}}
{"__type":"$$EventMessageConfirm","confirm":"13cd115e-c660-413c-862a-29307f6de84e","ts":"2026-01-14T15:15:31.142+00:00","source":{"id":"0","name":"eventBus"}}
{"__type":"$$EventMessageNode","id":"7bcbc8ae-9224-476a-83c8-c2d2deb284ed","ts":"2026-01-14T15:15:31.143+00:00","eventName":"n8n.node.started","message":"n8n.node.started","payload":{"workflowId":"0CCF2xh_5AWhp9wuB09Ci","workflowName":"Home Assistant Power Consumption Report","executionId":"475","nodeType":"n8n-nodes-base.postgres","nodeName":"Insert rows in a table","nodeId":"dfd59f07-58a4-4a67-8c65-6cefae2a6cf1"}}
{"__type":"$$EventMessageConfirm","confirm":"7bcbc8ae-9224-476a-83c8-c2d2deb284ed","ts":"2026-01-14T15:15:31.143+00:00","source":{"id":"0","name":"eventBus"}}
{"__type":"$$EventMessageNode","id":"a77b9bed-68ed-4e5a-b1d6-0053f3299273","ts":"2026-01-14T15:15:36.157+00:00","eventName":"n8n.node.finished","message":"n8n.node.finished","payload":{"workflowId":"0CCF2xh_5AWhp9wuB09Ci","workflowName":"Home Assistant Power Consumption Report","executionId":"475","nodeType":"n8n-nodes-base.postgres","nodeName":"Insert rows in a table","nodeId":"dfd59f07-58a4-4a67-8c65-6cefae2a6cf1"}}
{"__type":"$$EventMessageConfirm","confirm":"a77b9bed-68ed-4e5a-b1d6-0053f3299273","ts":"2026-01-14T15:15:36.157+00:00","source":{"id":"0","name":"eventBus"}}
{"__type":"$$EventMessageWorkflow","id":"08039023-cff4-4f9e-8b24-e7ad5625e598","ts":"2026-01-14T15:15:36.157+00:00","eventName":"n8n.workflow.failed","message":"n8n.workflow.failed","payload":{"executionId":"475","success":false,"isManual":false,"workflowId":"0CCF2xh_5AWhp9wuB09Ci","workflowName":"Home Assistant Power Consumption Report","lastNodeExecuted":"Insert rows in a table","errorMessage":"getaddrinfo EAI_AGAIN postgres"}}
{"__type":"$$EventMessageConfirm","confirm":"08039023-cff4-4f9e-8b24-e7ad5625e598","ts":"2026-01-14T15:15:36.157+00:00","source":{"id":"0","name":"eventBus"}}
{"__type":"$$EventMessageWorkflow","id":"48cf3dff-a4ae-4af6-b012-4ad941f635ef","ts":"2026-01-14T15:20:31.049+00:00","eventName":"n8n.workflow.started","message":"n8n.workflow.started","payload":{"executionId":"476","workflowId":"0CCF2xh_5AWhp9wuB09Ci","isManual":false,"workflowName":"Home Assistant Power Consumption Report"}}
{"__type":"$$EventMessageConfirm","confirm":"48cf3dff-a4ae-4af6-b012-4ad941f635ef","ts":"2026-01-14T15:20:31.050+00:00","source":{"id":"0","name":"eventBus"}}
{"__type":"$$EventMessageNode","id":"f1c4849d-67b8-46bd-998f-c2dae53a0619","ts":"2026-01-14T15:20:31.050+00:00","eventName":"n8n.node.started","message":"n8n.node.started","payload":{"workflowId":"0CCF2xh_5AWhp9wuB09Ci","workflowName":"Home Assistant Power Consumption Report","executionId":"476","nodeType":"n8n-nodes-base.scheduleTrigger","nodeName":"Schedule Trigger","nodeId":"12019c4d-c5a1-429f-8edb-7082f649977b"}}
{"__type":"$$EventMessageConfirm","confirm":"f1c4849d-67b8-46bd-998f-c2dae53a0619","ts":"2026-01-14T15:20:31.050+00:00","source":{"id":"0","name":"eventBus"}}
{"__type":"$$EventMessageNode","id":"265c4a84-914b-46ec-821d-03f024516e4a","ts":"2026-01-14T15:20:31.051+00:00","eventName":"n8n.node.finished","message":"n8n.node.finished","payload":{"workflowId":"0CCF2xh_5AWhp9wuB09Ci","workflowName":"Home Assistant Power Consumption Report","executionId":"476","nodeType":"n8n-nodes-base.scheduleTrigger","nodeName":"Schedule Trigger","nodeId":"12019c4d-c5a1-429f-8edb-7082f649977b"}}
{"__type":"$$EventMessageConfirm","confirm":"265c4a84-914b-46ec-821d-03f024516e4a","ts":"2026-01-14T15:20:31.051+00:00","source":{"id":"0","name":"eventBus"}}
{"__type":"$$EventMessageNode","id":"351b9d72-006a-41ef-bf83-72633c53c77a","ts":"2026-01-14T15:20:31.051+00:00","eventName":"n8n.node.started","message":"n8n.node.started","payload":{"workflowId":"0CCF2xh_5AWhp9wuB09Ci","workflowName":"Home Assistant Power Consumption Report","executionId":"476","nodeType":"n8n-nodes-base.httpRequest","nodeName":"Get All HA States","nodeId":"016e9870-2fe2-415c-8018-f27afa2ff9cc"}}
{"__type":"$$EventMessageConfirm","confirm":"351b9d72-006a-41ef-bf83-72633c53c77a","ts":"2026-01-14T15:20:31.051+00:00","source":{"id":"0","name":"eventBus"}}
{"__type":"$$EventMessageNode","id":"44fc3900-671a-4117-8c96-020bc5f921b7","ts":"2026-01-14T15:20:31.078+00:00","eventName":"n8n.node.finished","message":"n8n.node.finished","payload":{"workflowId":"0CCF2xh_5AWhp9wuB09Ci","workflowName":"Home Assistant Power Consumption Report","executionId":"476","nodeType":"n8n-nodes-base.httpRequest","nodeName":"Get All HA States","nodeId":"016e9870-2fe2-415c-8018-f27afa2ff9cc"}}
{"__type":"$$EventMessageConfirm","confirm":"44fc3900-671a-4117-8c96-020bc5f921b7","ts":"2026-01-14T15:20:31.078+00:00","source":{"id":"0","name":"eventBus"}}
{"__type":"$$EventMessageNode","id":"709eff19-336a-49fb-a8d2-a702a9709046","ts":"2026-01-14T15:20:31.078+00:00","eventName":"n8n.node.started","message":"n8n.node.started","payload":{"workflowId":"0CCF2xh_5AWhp9wuB09Ci","workflowName":"Home Assistant Power Consumption Report","executionId":"476","nodeType":"n8n-nodes-base.code","nodeName":"Filter Power Sensors","nodeId":"84d0f492-4782-41cf-b1e8-412c49a29a00"}}
{"__type":"$$EventMessageConfirm","confirm":"709eff19-336a-49fb-a8d2-a702a9709046","ts":"2026-01-14T15:20:31.078+00:00","source":{"id":"0","name":"eventBus"}}
{"__type":"$$EventMessageRunner","id":"28f27eb3-649e-4168-82f0-5bceccce54ec","ts":"2026-01-14T15:20:31.080+00:00","eventName":"n8n.runner.task.requested","message":"n8n.runner.task.requested","payload":{"taskId":"jnItb0LX","nodeId":"84d0f492-4782-41cf-b1e8-412c49a29a00","workflowId":"0CCF2xh_5AWhp9wuB09Ci","executionId":"476"}}
{"__type":"$$EventMessageConfirm","confirm":"28f27eb3-649e-4168-82f0-5bceccce54ec","ts":"2026-01-14T15:20:31.080+00:00","source":{"id":"0","name":"eventBus"}}
{"__type":"$$EventMessageRunner","id":"401c4a31-47de-4bd5-862c-1b34fa52c03d","ts":"2026-01-14T15:20:31.099+00:00","eventName":"n8n.runner.response.received","message":"n8n.runner.response.received","payload":{"taskId":"jnItb0LX","nodeId":"84d0f492-4782-41cf-b1e8-412c49a29a00","workflowId":"0CCF2xh_5AWhp9wuB09Ci","executionId":"476"}}
{"__type":"$$EventMessageConfirm","confirm":"401c4a31-47de-4bd5-862c-1b34fa52c03d","ts":"2026-01-14T15:20:31.099+00:00","source":{"id":"0","name":"eventBus"}}
{"__type":"$$EventMessageNode","id":"6ba44491-9467-4049-a6fb-c4812e04613d","ts":"2026-01-14T15:20:31.099+00:00","eventName":"n8n.node.finished","message":"n8n.node.finished","payload":{"workflowId":"0CCF2xh_5AWhp9wuB09Ci","workflowName":"Home Assistant Power Consumption Report","executionId":"476","nodeType":"n8n-nodes-base.code","nodeName":"Filter Power Sensors","nodeId":"84d0f492-4782-41cf-b1e8-412c49a29a00"}}
{"__type":"$$EventMessageConfirm","confirm":"6ba44491-9467-4049-a6fb-c4812e04613d","ts":"2026-01-14T15:20:31.099+00:00","source":{"id":"0","name":"eventBus"}}
{"__type":"$$EventMessageNode","id":"d903f6ba-887b-44d0-84a7-df5a90bce413","ts":"2026-01-14T15:20:31.099+00:00","eventName":"n8n.node.started","message":"n8n.node.started","payload":{"workflowId":"0CCF2xh_5AWhp9wuB09Ci","workflowName":"Home Assistant Power Consumption Report","executionId":"476","nodeType":"n8n-nodes-base.code","nodeName":"Prepare Data for DB","nodeId":"2d539324-1090-45df-b5f7-50e2cca4e629"}}
{"__type":"$$EventMessageConfirm","confirm":"d903f6ba-887b-44d0-84a7-df5a90bce413","ts":"2026-01-14T15:20:31.099+00:00","source":{"id":"0","name":"eventBus"}}
{"__type":"$$EventMessageRunner","id":"5f5b31dc-aee8-4db6-b2c2-4d84aafe45f0","ts":"2026-01-14T15:20:31.107+00:00","eventName":"n8n.runner.task.requested","message":"n8n.runner.task.requested","payload":{"taskId":"-n0FN46Q","nodeId":"2d539324-1090-45df-b5f7-50e2cca4e629","workflowId":"0CCF2xh_5AWhp9wuB09Ci","executionId":"476"}}
{"__type":"$$EventMessageConfirm","confirm":"5f5b31dc-aee8-4db6-b2c2-4d84aafe45f0","ts":"2026-01-14T15:20:31.108+00:00","source":{"id":"0","name":"eventBus"}}
{"__type":"$$EventMessageRunner","id":"9044cc41-27bb-42aa-980e-57b73db11e1d","ts":"2026-01-14T15:20:31.117+00:00","eventName":"n8n.runner.response.received","message":"n8n.runner.response.received","payload":{"taskId":"-n0FN46Q","nodeId":"2d539324-1090-45df-b5f7-50e2cca4e629","workflowId":"0CCF2xh_5AWhp9wuB09Ci","executionId":"476"}}
{"__type":"$$EventMessageConfirm","confirm":"9044cc41-27bb-42aa-980e-57b73db11e1d","ts":"2026-01-14T15:20:31.117+00:00","source":{"id":"0","name":"eventBus"}}
{"__type":"$$EventMessageNode","id":"e52ec241-d5ac-4529-93a0-5b67c7657f0a","ts":"2026-01-14T15:20:31.117+00:00","eventName":"n8n.node.finished","message":"n8n.node.finished","payload":{"workflowId":"0CCF2xh_5AWhp9wuB09Ci","workflowName":"Home Assistant Power Consumption Report","executionId":"476","nodeType":"n8n-nodes-base.code","nodeName":"Prepare Data for DB","nodeId":"2d539324-1090-45df-b5f7-50e2cca4e629"}}
{"__type":"$$EventMessageConfirm","confirm":"e52ec241-d5ac-4529-93a0-5b67c7657f0a","ts":"2026-01-14T15:20:31.117+00:00","source":{"id":"0","name":"eventBus"}}
{"__type":"$$EventMessageNode","id":"f4941d41-1af6-4f97-a171-bf7075378a44","ts":"2026-01-14T15:20:31.117+00:00","eventName":"n8n.node.started","message":"n8n.node.started","payload":{"workflowId":"0CCF2xh_5AWhp9wuB09Ci","workflowName":"Home Assistant Power Consumption Report","executionId":"476","nodeType":"n8n-nodes-base.postgres","nodeName":"Insert rows in a table","nodeId":"dfd59f07-58a4-4a67-8c65-6cefae2a6cf1"}}
{"__type":"$$EventMessageConfirm","confirm":"f4941d41-1af6-4f97-a171-bf7075378a44","ts":"2026-01-14T15:20:31.117+00:00","source":{"id":"0","name":"eventBus"}}
{"__type":"$$EventMessageNode","id":"ac49f1b0-038e-4e33-b761-341144f30302","ts":"2026-01-14T15:20:36.130+00:00","eventName":"n8n.node.finished","message":"n8n.node.finished","payload":{"workflowId":"0CCF2xh_5AWhp9wuB09Ci","workflowName":"Home Assistant Power Consumption Report","executionId":"476","nodeType":"n8n-nodes-base.postgres","nodeName":"Insert rows in a table","nodeId":"dfd59f07-58a4-4a67-8c65-6cefae2a6cf1"}}
{"__type":"$$EventMessageConfirm","confirm":"ac49f1b0-038e-4e33-b761-341144f30302","ts":"2026-01-14T15:20:36.130+00:00","source":{"id":"0","name":"eventBus"}}
{"__type":"$$EventMessageWorkflow","id":"28ae01f3-303c-49a9-91f2-7a4853ae35cf","ts":"2026-01-14T15:20:36.130+00:00","eventName":"n8n.workflow.failed","message":"n8n.workflow.failed","payload":{"executionId":"476","success":false,"isManual":false,"workflowId":"0CCF2xh_5AWhp9wuB09Ci","workflowName":"Home Assistant Power Consumption Report","lastNodeExecuted":"Insert rows in a table","errorMessage":"getaddrinfo EAI_AGAIN postgres"}}
{"__type":"$$EventMessageConfirm","confirm":"28ae01f3-303c-49a9-91f2-7a4853ae35cf","ts":"2026-01-14T15:20:36.130+00:00","source":{"id":"0","name":"eventBus"}}
